{"C:\\Users\\Ribas\\Desktop\\DeveloppementWeb\\Global Digital University\\marketPlace\\marketplace\\index.js": {"path":"C:\\Users\\Ribas\\Desktop\\DeveloppementWeb\\Global Digital University\\marketPlace\\marketplace\\index.js","statementMap":{"0":{"start":{"line":1,"column":0},"end":{"line":1,"column":27}},"1":{"start":{"line":2,"column":16},"end":{"line":2,"column":34}},"2":{"start":{"line":3,"column":18},"end":{"line":3,"column":40}},"3":{"start":{"line":4,"column":15},"end":{"line":4,"column":32}},"4":{"start":{"line":5,"column":13},"end":{"line":5,"column":28}},"5":{"start":{"line":6,"column":18},"end":{"line":6,"column":47}},"6":{"start":{"line":9,"column":12},"end":{"line":9,"column":21}},"7":{"start":{"line":10,"column":21},"end":{"line":10,"column":47}},"8":{"start":{"line":11,"column":0},"end":{"line":11,"column":18}},"9":{"start":{"line":12,"column":0},"end":{"line":12,"column":16}},"10":{"start":{"line":13,"column":0},"end":{"line":16,"column":4}},"11":{"start":{"line":18,"column":0},"end":{"line":18,"column":24}},"12":{"start":{"line":20,"column":0},"end":{"line":20,"column":35}},"13":{"start":{"line":23,"column":0},"end":{"line":25,"column":1}},"14":{"start":{"line":24,"column":2},"end":{"line":24,"column":14}},"15":{"start":{"line":27,"column":0},"end":{"line":27,"column":60}},"16":{"start":{"line":28,"column":0},"end":{"line":28,"column":54}},"17":{"start":{"line":29,"column":0},"end":{"line":29,"column":56}},"18":{"start":{"line":30,"column":0},"end":{"line":30,"column":54}},"19":{"start":{"line":31,"column":0},"end":{"line":31,"column":49}},"20":{"start":{"line":34,"column":0},"end":{"line":34,"column":18}},"21":{"start":{"line":37,"column":0},"end":{"line":39,"column":1}},"22":{"start":{"line":38,"column":2},"end":{"line":38,"column":57}},"23":{"start":{"line":38,"column":25},"end":{"line":38,"column":55}},"24":{"start":{"line":41,"column":0},"end":{"line":41,"column":21}}},"fnMap":{"0":{"name":"(anonymous_0)","decl":{"start":{"line":38,"column":19},"end":{"line":38,"column":20}},"loc":{"start":{"line":38,"column":25},"end":{"line":38,"column":55}},"line":38}},"branchMap":{"0":{"loc":{"start":{"line":23,"column":0},"end":{"line":25,"column":1}},"type":"if","locations":[{"start":{"line":23,"column":0},"end":{"line":25,"column":1}},{"start":{},"end":{}}],"line":23},"1":{"loc":{"start":{"line":37,"column":0},"end":{"line":39,"column":1}},"type":"if","locations":[{"start":{"line":37,"column":0},"end":{"line":39,"column":1}},{"start":{},"end":{}}],"line":37}},"s":{"0":27,"1":27,"2":27,"3":27,"4":27,"5":27,"6":27,"7":27,"8":27,"9":27,"10":27,"11":27,"12":27,"13":27,"14":0,"15":27,"16":27,"17":27,"18":27,"19":27,"20":27,"21":27,"22":0,"23":0,"24":27},"f":{"0":0},"b":{"0":[0,27],"1":[0,27]},"_coverageSchema":"1a1c01bbd47fc00a2c39e90264f33305004495a9","hash":"3e8bfa130424f807acbdb6b4558b729e1ec8afff"}
,"C:\\Users\\Ribas\\Desktop\\DeveloppementWeb\\Global Digital University\\marketPlace\\marketplace\\swaggerConfig.js": {"path":"C:\\Users\\Ribas\\Desktop\\DeveloppementWeb\\Global Digital University\\marketPlace\\marketplace\\swaggerConfig.js","statementMap":{"0":{"start":{"line":1,"column":18},"end":{"line":1,"column":47}},"1":{"start":{"line":2,"column":21},"end":{"line":2,"column":45}},"2":{"start":{"line":3,"column":22},"end":{"line":3,"column":39}},"3":{"start":{"line":5,"column":16},"end":{"line":27,"column":1}},"4":{"start":{"line":29,"column":20},"end":{"line":29,"column":41}},"5":{"start":{"line":31,"column":21},"end":{"line":33,"column":1}},"6":{"start":{"line":32,"column":2},"end":{"line":32,"column":69}},"7":{"start":{"line":35,"column":0},"end":{"line":35,"column":29}}},"fnMap":{"0":{"name":"(anonymous_0)","decl":{"start":{"line":31,"column":21},"end":{"line":31,"column":22}},"loc":{"start":{"line":31,"column":30},"end":{"line":33,"column":1}},"line":31}},"branchMap":{},"s":{"0":27,"1":27,"2":27,"3":27,"4":27,"5":27,"6":27,"7":27},"f":{"0":27},"b":{},"_coverageSchema":"1a1c01bbd47fc00a2c39e90264f33305004495a9","hash":"0403afad4eb1868f6930e7b146501bcb9f349104"}
,"C:\\Users\\Ribas\\Desktop\\DeveloppementWeb\\Global Digital University\\marketPlace\\marketplace\\config\\db.js": {"path":"C:\\Users\\Ribas\\Desktop\\DeveloppementWeb\\Global Digital University\\marketPlace\\marketplace\\config\\db.js","statementMap":{"0":{"start":{"line":1,"column":28},"end":{"line":1,"column":48}},"1":{"start":{"line":3,"column":18},"end":{"line":12,"column":1}},"2":{"start":{"line":4,"column":2},"end":{"line":11,"column":3}},"3":{"start":{"line":5,"column":6},"end":{"line":7,"column":8}},"4":{"start":{"line":8,"column":6},"end":{"line":8,"column":39}},"5":{"start":{"line":10,"column":6},"end":{"line":10,"column":33}},"6":{"start":{"line":14,"column":0},"end":{"line":14,"column":27}}},"fnMap":{"0":{"name":"(anonymous_0)","decl":{"start":{"line":3,"column":18},"end":{"line":3,"column":19}},"loc":{"start":{"line":3,"column":31},"end":{"line":12,"column":1}},"line":3}},"branchMap":{},"s":{"0":27,"1":27,"2":0,"3":0,"4":0,"5":0,"6":27},"f":{"0":0},"b":{},"_coverageSchema":"1a1c01bbd47fc00a2c39e90264f33305004495a9","hash":"7a6f097f4936564de6d21fc46f7aaa96c4c9fdda"}
,"C:\\Users\\Ribas\\Desktop\\DeveloppementWeb\\Global Digital University\\marketPlace\\marketplace\\config\\roles.js": {"path":"C:\\Users\\Ribas\\Desktop\\DeveloppementWeb\\Global Digital University\\marketPlace\\marketplace\\config\\roles.js","statementMap":{"0":{"start":{"line":1,"column":14},"end":{"line":6,"column":1}},"1":{"start":{"line":8,"column":0},"end":{"line":8,"column":23}}},"fnMap":{},"branchMap":{},"s":{"0":27,"1":27},"f":{},"b":{},"_coverageSchema":"1a1c01bbd47fc00a2c39e90264f33305004495a9","hash":"c8a19e0adeaa21484248b8d7b6fc03883921d166"}
,"C:\\Users\\Ribas\\Desktop\\DeveloppementWeb\\Global Digital University\\marketPlace\\marketplace\\config\\statuts.js": {"path":"C:\\Users\\Ribas\\Desktop\\DeveloppementWeb\\Global Digital University\\marketPlace\\marketplace\\config\\statuts.js","statementMap":{"0":{"start":{"line":1,"column":15},"end":{"line":6,"column":1}},"1":{"start":{"line":8,"column":26},"end":{"line":17,"column":1}},"2":{"start":{"line":19,"column":0},"end":{"line":19,"column":45}}},"fnMap":{},"branchMap":{},"s":{"0":27,"1":27,"2":27},"f":{},"b":{},"_coverageSchema":"1a1c01bbd47fc00a2c39e90264f33305004495a9","hash":"1243a73d79f503d8c8af9482f2814ef6e27b79ca"}
,"C:\\Users\\Ribas\\Desktop\\DeveloppementWeb\\Global Digital University\\marketPlace\\marketplace\\controllers\\authController.js": {"path":"C:\\Users\\Ribas\\Desktop\\DeveloppementWeb\\Global Digital University\\marketPlace\\marketplace\\controllers\\authController.js","statementMap":{"0":{"start":{"line":1,"column":13},"end":{"line":1,"column":38}},"1":{"start":{"line":2,"column":17},"end":{"line":2,"column":36}},"2":{"start":{"line":3,"column":26},"end":{"line":3,"column":55}},"3":{"start":{"line":4,"column":15},"end":{"line":4,"column":34}},"4":{"start":{"line":5,"column":12},"end":{"line":5,"column":35}},"5":{"start":{"line":6,"column":14},"end":{"line":6,"column":40}},"6":{"start":{"line":7,"column":18},"end":{"line":7,"column":57}},"7":{"start":{"line":10,"column":0},"end":{"line":52,"column":1}},"8":{"start":{"line":11,"column":2},"end":{"line":50,"column":3}},"9":{"start":{"line":12,"column":39},"end":{"line":12,"column":47}},"10":{"start":{"line":13,"column":4},"end":{"line":14,"column":84}},"11":{"start":{"line":14,"column":6},"end":{"line":14,"column":84}},"12":{"start":{"line":16,"column":19},"end":{"line":16,"column":42}},"13":{"start":{"line":17,"column":4},"end":{"line":17,"column":75}},"14":{"start":{"line":26,"column":4},"end":{"line":28,"column":5}},"15":{"start":{"line":27,"column":6},"end":{"line":27,"column":73}},"16":{"start":{"line":31,"column":25},"end":{"line":31,"column":57}},"17":{"start":{"line":32,"column":4},"end":{"line":33,"column":69}},"18":{"start":{"line":33,"column":6},"end":{"line":33,"column":69}},"19":{"start":{"line":36,"column":27},"end":{"line":36,"column":58}},"20":{"start":{"line":38,"column":20},"end":{"line":42,"column":6}},"21":{"start":{"line":44,"column":4},"end":{"line":44,"column":25}},"22":{"start":{"line":45,"column":4},"end":{"line":45,"column":34}},"23":{"start":{"line":48,"column":4},"end":{"line":48,"column":23}},"24":{"start":{"line":49,"column":4},"end":{"line":49,"column":54}},"25":{"start":{"line":54,"column":0},"end":{"line":70,"column":2}},"26":{"start":{"line":55,"column":2},"end":{"line":69,"column":3}},"27":{"start":{"line":56,"column":19},"end":{"line":56,"column":21}},"28":{"start":{"line":58,"column":4},"end":{"line":60,"column":5}},"29":{"start":{"line":59,"column":6},"end":{"line":59,"column":35}},"30":{"start":{"line":62,"column":18},"end":{"line":62,"column":41}},"31":{"start":{"line":64,"column":4},"end":{"line":64,"column":36}},"32":{"start":{"line":66,"column":4},"end":{"line":68,"column":7}},"33":{"start":{"line":72,"column":0},"end":{"line":89,"column":1}},"34":{"start":{"line":73,"column":2},"end":{"line":88,"column":3}},"35":{"start":{"line":75,"column":19},"end":{"line":75,"column":29}},"36":{"start":{"line":77,"column":4},"end":{"line":78,"column":60}},"37":{"start":{"line":78,"column":8},"end":{"line":78,"column":60}},"38":{"start":{"line":80,"column":17},"end":{"line":80,"column":40}},"39":{"start":{"line":81,"column":4},"end":{"line":82,"column":69}},"40":{"start":{"line":82,"column":6},"end":{"line":82,"column":69}},"41":{"start":{"line":84,"column":4},"end":{"line":84,"column":33}},"42":{"start":{"line":87,"column":4},"end":{"line":87,"column":88}},"43":{"start":{"line":92,"column":0},"end":{"line":123,"column":1}},"44":{"start":{"line":93,"column":2},"end":{"line":122,"column":3}},"45":{"start":{"line":94,"column":41},"end":{"line":94,"column":49}},"46":{"start":{"line":95,"column":6},"end":{"line":96,"column":86}},"47":{"start":{"line":96,"column":8},"end":{"line":96,"column":86}},"48":{"start":{"line":99,"column":27},"end":{"line":99,"column":65}},"49":{"start":{"line":100,"column":6},"end":{"line":101,"column":72}},"50":{"start":{"line":101,"column":8},"end":{"line":101,"column":72}},"51":{"start":{"line":103,"column":32},"end":{"line":103,"column":85}},"52":{"start":{"line":104,"column":6},"end":{"line":105,"column":72}},"53":{"start":{"line":105,"column":8},"end":{"line":105,"column":72}},"54":{"start":{"line":109,"column":20},"end":{"line":116,"column":7}},"55":{"start":{"line":117,"column":6},"end":{"line":117,"column":56}},"56":{"start":{"line":120,"column":2},"end":{"line":120,"column":21}},"57":{"start":{"line":121,"column":2},"end":{"line":121,"column":52}},"58":{"start":{"line":126,"column":0},"end":{"line":175,"column":2}},"59":{"start":{"line":127,"column":0},"end":{"line":174,"column":1}},"60":{"start":{"line":129,"column":17},"end":{"line":129,"column":27}},"61":{"start":{"line":131,"column":2},"end":{"line":132,"column":58}},"62":{"start":{"line":132,"column":4},"end":{"line":132,"column":58}},"63":{"start":{"line":134,"column":37},"end":{"line":134,"column":45}},"64":{"start":{"line":137,"column":15},"end":{"line":137,"column":38}},"65":{"start":{"line":138,"column":2},"end":{"line":140,"column":3}},"66":{"start":{"line":139,"column":2},"end":{"line":139,"column":65}},"67":{"start":{"line":142,"column":2},"end":{"line":146,"column":1}},"68":{"start":{"line":143,"column":2},"end":{"line":145,"column":5}},"69":{"start":{"line":149,"column":21},"end":{"line":149,"column":41}},"70":{"start":{"line":151,"column":0},"end":{"line":153,"column":1}},"71":{"start":{"line":152,"column":2},"end":{"line":152,"column":58}},"72":{"start":{"line":158,"column":25},"end":{"line":158,"column":56}},"73":{"start":{"line":160,"column":2},"end":{"line":161,"column":37}},"74":{"start":{"line":161,"column":6},"end":{"line":161,"column":37}},"75":{"start":{"line":162,"column":2},"end":{"line":163,"column":23}},"76":{"start":{"line":163,"column":6},"end":{"line":163,"column":23}},"77":{"start":{"line":168,"column":22},"end":{"line":168,"column":39}},"78":{"start":{"line":169,"column":2},"end":{"line":169,"column":24}},"79":{"start":{"line":172,"column":2},"end":{"line":172,"column":21}},"80":{"start":{"line":173,"column":2},"end":{"line":173,"column":84}},"81":{"start":{"line":178,"column":0},"end":{"line":209,"column":2}},"82":{"start":{"line":179,"column":0},"end":{"line":208,"column":1}},"83":{"start":{"line":181,"column":17},"end":{"line":181,"column":27}},"84":{"start":{"line":183,"column":2},"end":{"line":184,"column":58}},"85":{"start":{"line":184,"column":4},"end":{"line":184,"column":58}},"86":{"start":{"line":187,"column":15},"end":{"line":187,"column":38}},"87":{"start":{"line":188,"column":2},"end":{"line":190,"column":3}},"88":{"start":{"line":189,"column":2},"end":{"line":189,"column":65}},"89":{"start":{"line":192,"column":2},"end":{"line":194,"column":3}},"90":{"start":{"line":193,"column":4},"end":{"line":193,"column":70}},"91":{"start":{"line":200,"column":2},"end":{"line":200,"column":25}},"92":{"start":{"line":201,"column":2},"end":{"line":201,"column":58}},"93":{"start":{"line":206,"column":2},"end":{"line":206,"column":21}},"94":{"start":{"line":207,"column":2},"end":{"line":207,"column":83}}},"fnMap":{"0":{"name":"(anonymous_0)","decl":{"start":{"line":10,"column":19},"end":{"line":10,"column":20}},"loc":{"start":{"line":10,"column":39},"end":{"line":52,"column":1}},"line":10},"1":{"name":"(anonymous_1)","decl":{"start":{"line":54,"column":19},"end":{"line":54,"column":20}},"loc":{"start":{"line":54,"column":39},"end":{"line":70,"column":1}},"line":54},"2":{"name":"(anonymous_2)","decl":{"start":{"line":72,"column":18},"end":{"line":72,"column":19}},"loc":{"start":{"line":72,"column":38},"end":{"line":89,"column":1}},"line":72},"3":{"name":"(anonymous_3)","decl":{"start":{"line":92,"column":16},"end":{"line":92,"column":17}},"loc":{"start":{"line":92,"column":36},"end":{"line":123,"column":1}},"line":92},"4":{"name":"(anonymous_4)","decl":{"start":{"line":126,"column":21},"end":{"line":126,"column":22}},"loc":{"start":{"line":126,"column":40},"end":{"line":175,"column":1}},"line":126},"5":{"name":"(anonymous_5)","decl":{"start":{"line":178,"column":21},"end":{"line":178,"column":22}},"loc":{"start":{"line":178,"column":40},"end":{"line":209,"column":1}},"line":178}},"branchMap":{"0":{"loc":{"start":{"line":13,"column":4},"end":{"line":14,"column":84}},"type":"if","locations":[{"start":{"line":13,"column":4},"end":{"line":14,"column":84}},{"start":{},"end":{}}],"line":13},"1":{"loc":{"start":{"line":13,"column":7},"end":{"line":13,"column":38}},"type":"binary-expr","locations":[{"start":{"line":13,"column":7},"end":{"line":13,"column":16}},{"start":{"line":13,"column":20},"end":{"line":13,"column":29}},{"start":{"line":13,"column":33},"end":{"line":13,"column":38}}],"line":13},"2":{"loc":{"start":{"line":26,"column":4},"end":{"line":28,"column":5}},"type":"if","locations":[{"start":{"line":26,"column":4},"end":{"line":28,"column":5}},{"start":{},"end":{}}],"line":26},"3":{"loc":{"start":{"line":32,"column":4},"end":{"line":33,"column":69}},"type":"if","locations":[{"start":{"line":32,"column":4},"end":{"line":33,"column":69}},{"start":{},"end":{}}],"line":32},"4":{"loc":{"start":{"line":58,"column":4},"end":{"line":60,"column":5}},"type":"if","locations":[{"start":{"line":58,"column":4},"end":{"line":60,"column":5}},{"start":{},"end":{}}],"line":58},"5":{"loc":{"start":{"line":77,"column":4},"end":{"line":78,"column":60}},"type":"if","locations":[{"start":{"line":77,"column":4},"end":{"line":78,"column":60}},{"start":{},"end":{}}],"line":77},"6":{"loc":{"start":{"line":81,"column":4},"end":{"line":82,"column":69}},"type":"if","locations":[{"start":{"line":81,"column":4},"end":{"line":82,"column":69}},{"start":{},"end":{}}],"line":81},"7":{"loc":{"start":{"line":95,"column":6},"end":{"line":96,"column":86}},"type":"if","locations":[{"start":{"line":95,"column":6},"end":{"line":96,"column":86}},{"start":{},"end":{}}],"line":95},"8":{"loc":{"start":{"line":95,"column":9},"end":{"line":95,"column":39}},"type":"binary-expr","locations":[{"start":{"line":95,"column":9},"end":{"line":95,"column":18}},{"start":{"line":95,"column":22},"end":{"line":95,"column":31}},{"start":{"line":95,"column":34},"end":{"line":95,"column":39}}],"line":95},"9":{"loc":{"start":{"line":100,"column":6},"end":{"line":101,"column":72}},"type":"if","locations":[{"start":{"line":100,"column":6},"end":{"line":101,"column":72}},{"start":{},"end":{}}],"line":100},"10":{"loc":{"start":{"line":104,"column":6},"end":{"line":105,"column":72}},"type":"if","locations":[{"start":{"line":104,"column":6},"end":{"line":105,"column":72}},{"start":{},"end":{}}],"line":104},"11":{"loc":{"start":{"line":131,"column":2},"end":{"line":132,"column":58}},"type":"if","locations":[{"start":{"line":131,"column":2},"end":{"line":132,"column":58}},{"start":{},"end":{}}],"line":131},"12":{"loc":{"start":{"line":138,"column":2},"end":{"line":140,"column":3}},"type":"if","locations":[{"start":{"line":138,"column":2},"end":{"line":140,"column":3}},{"start":{},"end":{}}],"line":138},"13":{"loc":{"start":{"line":142,"column":2},"end":{"line":146,"column":1}},"type":"if","locations":[{"start":{"line":142,"column":2},"end":{"line":146,"column":1}},{"start":{},"end":{}}],"line":142},"14":{"loc":{"start":{"line":151,"column":0},"end":{"line":153,"column":1}},"type":"if","locations":[{"start":{"line":151,"column":0},"end":{"line":153,"column":1}},{"start":{},"end":{}}],"line":151},"15":{"loc":{"start":{"line":151,"column":4},"end":{"line":151,"column":40}},"type":"binary-expr","locations":[{"start":{"line":151,"column":4},"end":{"line":151,"column":8}},{"start":{"line":151,"column":12},"end":{"line":151,"column":40}}],"line":151},"16":{"loc":{"start":{"line":160,"column":2},"end":{"line":161,"column":37}},"type":"if","locations":[{"start":{"line":160,"column":2},"end":{"line":161,"column":37}},{"start":{},"end":{}}],"line":160},"17":{"loc":{"start":{"line":162,"column":2},"end":{"line":163,"column":23}},"type":"if","locations":[{"start":{"line":162,"column":2},"end":{"line":163,"column":23}},{"start":{},"end":{}}],"line":162},"18":{"loc":{"start":{"line":183,"column":2},"end":{"line":184,"column":58}},"type":"if","locations":[{"start":{"line":183,"column":2},"end":{"line":184,"column":58}},{"start":{},"end":{}}],"line":183},"19":{"loc":{"start":{"line":188,"column":2},"end":{"line":190,"column":3}},"type":"if","locations":[{"start":{"line":188,"column":2},"end":{"line":190,"column":3}},{"start":{},"end":{}}],"line":188},"20":{"loc":{"start":{"line":192,"column":2},"end":{"line":194,"column":3}},"type":"if","locations":[{"start":{"line":192,"column":2},"end":{"line":194,"column":3}},{"start":{},"end":{}}],"line":192},"21":{"loc":{"start":{"line":192,"column":6},"end":{"line":192,"column":71}},"type":"binary-expr","locations":[{"start":{"line":192,"column":6},"end":{"line":192,"column":33}},{"start":{"line":192,"column":37},"end":{"line":192,"column":71}}],"line":192}},"s":{"0":27,"1":27,"2":27,"3":27,"4":27,"5":27,"6":27,"7":27,"8":10,"9":10,"10":10,"11":1,"12":9,"13":9,"14":9,"15":1,"16":8,"17":8,"18":1,"19":7,"20":7,"21":7,"22":7,"23":0,"24":0,"25":27,"26":1,"27":1,"28":1,"29":0,"30":1,"31":1,"32":0,"33":27,"34":3,"35":3,"36":3,"37":1,"38":2,"39":2,"40":1,"41":1,"42":0,"43":27,"44":4,"45":4,"46":4,"47":1,"48":3,"49":3,"50":1,"51":2,"52":2,"53":1,"54":1,"55":1,"56":0,"57":0,"58":27,"59":6,"60":6,"61":6,"62":1,"63":5,"64":5,"65":5,"66":1,"67":4,"68":2,"69":2,"70":2,"71":1,"72":1,"73":1,"74":1,"75":1,"76":1,"77":1,"78":1,"79":0,"80":0,"81":27,"82":3,"83":3,"84":3,"85":1,"86":2,"87":2,"88":1,"89":1,"90":0,"91":1,"92":1,"93":0,"94":0},"f":{"0":10,"1":1,"2":3,"3":4,"4":6,"5":3},"b":{"0":[1,9],"1":[10,9,9],"2":[1,8],"3":[1,7],"4":[0,1],"5":[1,2],"6":[1,1],"7":[1,3],"8":[4,3,3],"9":[1,2],"10":[1,1],"11":[1,5],"12":[1,4],"13":[2,2],"14":[1,1],"15":[2,2],"16":[1,0],"17":[1,0],"18":[1,2],"19":[1,1],"20":[0,1],"21":[1,1]},"_coverageSchema":"1a1c01bbd47fc00a2c39e90264f33305004495a9","hash":"0f7025ca2cd4e511a92facc37aad6be0b21761bd"}
,"C:\\Users\\Ribas\\Desktop\\DeveloppementWeb\\Global Digital University\\marketPlace\\marketplace\\controllers\\menuController.js": {"path":"C:\\Users\\Ribas\\Desktop\\DeveloppementWeb\\Global Digital University\\marketPlace\\marketplace\\controllers\\menuController.js","statementMap":{"0":{"start":{"line":1,"column":13},"end":{"line":1,"column":38}},"1":{"start":{"line":2,"column":17},"end":{"line":2,"column":36}},"2":{"start":{"line":3,"column":11},"end":{"line":3,"column":24}},"3":{"start":{"line":4,"column":13},"end":{"line":4,"column":28}},"4":{"start":{"line":6,"column":0},"end":{"line":16,"column":2}},"5":{"start":{"line":7,"column":2},"end":{"line":15,"column":3}},"6":{"start":{"line":8,"column":18},"end":{"line":8,"column":35}},"7":{"start":{"line":10,"column":4},"end":{"line":10,"column":36}},"8":{"start":{"line":12,"column":4},"end":{"line":14,"column":7}},"9":{"start":{"line":18,"column":0},"end":{"line":35,"column":1}},"10":{"start":{"line":19,"column":1},"end":{"line":34,"column":3}},"11":{"start":{"line":21,"column":19},"end":{"line":21,"column":29}},"12":{"start":{"line":23,"column":4},"end":{"line":24,"column":60}},"13":{"start":{"line":24,"column":8},"end":{"line":24,"column":60}},"14":{"start":{"line":26,"column":17},"end":{"line":26,"column":40}},"15":{"start":{"line":27,"column":4},"end":{"line":28,"column":62}},"16":{"start":{"line":28,"column":6},"end":{"line":28,"column":62}},"17":{"start":{"line":30,"column":4},"end":{"line":30,"column":33}},"18":{"start":{"line":33,"column":4},"end":{"line":33,"column":78}},"19":{"start":{"line":37,"column":0},"end":{"line":118,"column":1}},"20":{"start":{"line":38,"column":0},"end":{"line":116,"column":1}},"21":{"start":{"line":48,"column":6},"end":{"line":48,"column":14}},"22":{"start":{"line":50,"column":2},"end":{"line":52,"column":3}},"23":{"start":{"line":51,"column":2},"end":{"line":51,"column":62}},"24":{"start":{"line":54,"column":2},"end":{"line":55,"column":66}},"25":{"start":{"line":55,"column":2},"end":{"line":55,"column":66}},"26":{"start":{"line":57,"column":18},"end":{"line":57,"column":40}},"27":{"start":{"line":59,"column":2},"end":{"line":61,"column":3}},"28":{"start":{"line":60,"column":2},"end":{"line":60,"column":45}},"29":{"start":{"line":64,"column":23},"end":{"line":64,"column":36}},"30":{"start":{"line":65,"column":24},"end":{"line":65,"column":61}},"31":{"start":{"line":67,"column":2},"end":{"line":67,"column":45}},"32":{"start":{"line":69,"column":22},"end":{"line":69,"column":57}},"33":{"start":{"line":71,"column":2},"end":{"line":72,"column":62}},"34":{"start":{"line":72,"column":6},"end":{"line":72,"column":62}},"35":{"start":{"line":74,"column":2},"end":{"line":75,"column":61}},"36":{"start":{"line":75,"column":4},"end":{"line":75,"column":61}},"37":{"start":{"line":77,"column":2},"end":{"line":78,"column":70}},"38":{"start":{"line":78,"column":2},"end":{"line":78,"column":70}},"39":{"start":{"line":80,"column":2},"end":{"line":81,"column":63}},"40":{"start":{"line":81,"column":2},"end":{"line":81,"column":63}},"41":{"start":{"line":83,"column":2},"end":{"line":84,"column":71}},"42":{"start":{"line":84,"column":2},"end":{"line":84,"column":71}},"43":{"start":{"line":86,"column":2},"end":{"line":87,"column":64}},"44":{"start":{"line":87,"column":2},"end":{"line":87,"column":64}},"45":{"start":{"line":89,"column":2},"end":{"line":90,"column":62}},"46":{"start":{"line":90,"column":2},"end":{"line":90,"column":62}},"47":{"start":{"line":92,"column":15},"end":{"line":104,"column":4}},"48":{"start":{"line":106,"column":20},"end":{"line":106,"column":37}},"49":{"start":{"line":107,"column":2},"end":{"line":107,"column":34}},"50":{"start":{"line":110,"column":2},"end":{"line":112,"column":3}},"51":{"start":{"line":111,"column":4},"end":{"line":111,"column":33}},"52":{"start":{"line":114,"column":2},"end":{"line":114,"column":21}},"53":{"start":{"line":115,"column":2},"end":{"line":115,"column":70}},"54":{"start":{"line":120,"column":0},"end":{"line":186,"column":2}},"55":{"start":{"line":121,"column":0},"end":{"line":185,"column":3}},"56":{"start":{"line":123,"column":17},"end":{"line":123,"column":27}},"57":{"start":{"line":125,"column":2},"end":{"line":126,"column":58}},"58":{"start":{"line":126,"column":4},"end":{"line":126,"column":58}},"59":{"start":{"line":137,"column":6},"end":{"line":137,"column":14}},"60":{"start":{"line":139,"column":15},"end":{"line":139,"column":38}},"61":{"start":{"line":140,"column":2},"end":{"line":142,"column":3}},"62":{"start":{"line":141,"column":2},"end":{"line":141,"column":58}},"63":{"start":{"line":146,"column":2},"end":{"line":148,"column":3}},"64":{"start":{"line":147,"column":2},"end":{"line":147,"column":70}},"65":{"start":{"line":151,"column":2},"end":{"line":152,"column":21}},"66":{"start":{"line":152,"column":6},"end":{"line":152,"column":21}},"67":{"start":{"line":153,"column":2},"end":{"line":154,"column":23}},"68":{"start":{"line":154,"column":6},"end":{"line":154,"column":23}},"69":{"start":{"line":156,"column":2},"end":{"line":157,"column":33}},"70":{"start":{"line":157,"column":6},"end":{"line":157,"column":33}},"71":{"start":{"line":159,"column":2},"end":{"line":160,"column":37}},"72":{"start":{"line":160,"column":6},"end":{"line":160,"column":37}},"73":{"start":{"line":162,"column":2},"end":{"line":163,"column":33}},"74":{"start":{"line":163,"column":4},"end":{"line":163,"column":33}},"75":{"start":{"line":165,"column":2},"end":{"line":166,"column":27}},"76":{"start":{"line":166,"column":6},"end":{"line":166,"column":27}},"77":{"start":{"line":168,"column":2},"end":{"line":169,"column":43}},"78":{"start":{"line":169,"column":6},"end":{"line":169,"column":43}},"79":{"start":{"line":171,"column":2},"end":{"line":172,"column":29}},"80":{"start":{"line":172,"column":6},"end":{"line":172,"column":29}},"81":{"start":{"line":174,"column":2},"end":{"line":175,"column":25}},"82":{"start":{"line":175,"column":6},"end":{"line":175,"column":25}},"83":{"start":{"line":179,"column":22},"end":{"line":179,"column":39}},"84":{"start":{"line":180,"column":2},"end":{"line":180,"column":24}},"85":{"start":{"line":183,"column":4},"end":{"line":183,"column":23}},"86":{"start":{"line":184,"column":4},"end":{"line":184,"column":76}},"87":{"start":{"line":188,"column":0},"end":{"line":219,"column":2}},"88":{"start":{"line":189,"column":0},"end":{"line":218,"column":1}},"89":{"start":{"line":191,"column":17},"end":{"line":191,"column":27}},"90":{"start":{"line":193,"column":2},"end":{"line":194,"column":58}},"91":{"start":{"line":194,"column":4},"end":{"line":194,"column":58}},"92":{"start":{"line":197,"column":15},"end":{"line":197,"column":38}},"93":{"start":{"line":198,"column":2},"end":{"line":200,"column":3}},"94":{"start":{"line":199,"column":2},"end":{"line":199,"column":61}},"95":{"start":{"line":202,"column":28},"end":{"line":202,"column":66}},"96":{"start":{"line":204,"column":2},"end":{"line":206,"column":3}},"97":{"start":{"line":205,"column":4},"end":{"line":205,"column":37}},"98":{"start":{"line":210,"column":2},"end":{"line":210,"column":25}},"99":{"start":{"line":211,"column":2},"end":{"line":211,"column":51}},"100":{"start":{"line":216,"column":2},"end":{"line":216,"column":21}},"101":{"start":{"line":217,"column":2},"end":{"line":217,"column":73}}},"fnMap":{"0":{"name":"(anonymous_0)","decl":{"start":{"line":6,"column":19},"end":{"line":6,"column":20}},"loc":{"start":{"line":6,"column":38},"end":{"line":16,"column":1}},"line":6},"1":{"name":"(anonymous_1)","decl":{"start":{"line":18,"column":18},"end":{"line":18,"column":19}},"loc":{"start":{"line":18,"column":38},"end":{"line":35,"column":1}},"line":18},"2":{"name":"(anonymous_2)","decl":{"start":{"line":37,"column":21},"end":{"line":37,"column":22}},"loc":{"start":{"line":37,"column":41},"end":{"line":118,"column":1}},"line":37},"3":{"name":"(anonymous_3)","decl":{"start":{"line":120,"column":21},"end":{"line":120,"column":22}},"loc":{"start":{"line":120,"column":40},"end":{"line":186,"column":1}},"line":120},"4":{"name":"(anonymous_4)","decl":{"start":{"line":188,"column":21},"end":{"line":188,"column":22}},"loc":{"start":{"line":188,"column":40},"end":{"line":219,"column":1}},"line":188}},"branchMap":{"0":{"loc":{"start":{"line":23,"column":4},"end":{"line":24,"column":60}},"type":"if","locations":[{"start":{"line":23,"column":4},"end":{"line":24,"column":60}},{"start":{},"end":{}}],"line":23},"1":{"loc":{"start":{"line":27,"column":4},"end":{"line":28,"column":62}},"type":"if","locations":[{"start":{"line":27,"column":4},"end":{"line":28,"column":62}},{"start":{},"end":{}}],"line":27},"2":{"loc":{"start":{"line":50,"column":2},"end":{"line":52,"column":3}},"type":"if","locations":[{"start":{"line":50,"column":2},"end":{"line":52,"column":3}},{"start":{},"end":{}}],"line":50},"3":{"loc":{"start":{"line":54,"column":2},"end":{"line":55,"column":66}},"type":"if","locations":[{"start":{"line":54,"column":2},"end":{"line":55,"column":66}},{"start":{},"end":{}}],"line":54},"4":{"loc":{"start":{"line":59,"column":2},"end":{"line":61,"column":3}},"type":"if","locations":[{"start":{"line":59,"column":2},"end":{"line":61,"column":3}},{"start":{},"end":{}}],"line":59},"5":{"loc":{"start":{"line":71,"column":2},"end":{"line":72,"column":62}},"type":"if","locations":[{"start":{"line":71,"column":2},"end":{"line":72,"column":62}},{"start":{},"end":{}}],"line":71},"6":{"loc":{"start":{"line":74,"column":2},"end":{"line":75,"column":61}},"type":"if","locations":[{"start":{"line":74,"column":2},"end":{"line":75,"column":61}},{"start":{},"end":{}}],"line":74},"7":{"loc":{"start":{"line":77,"column":2},"end":{"line":78,"column":70}},"type":"if","locations":[{"start":{"line":77,"column":2},"end":{"line":78,"column":70}},{"start":{},"end":{}}],"line":77},"8":{"loc":{"start":{"line":80,"column":2},"end":{"line":81,"column":63}},"type":"if","locations":[{"start":{"line":80,"column":2},"end":{"line":81,"column":63}},{"start":{},"end":{}}],"line":80},"9":{"loc":{"start":{"line":83,"column":2},"end":{"line":84,"column":71}},"type":"if","locations":[{"start":{"line":83,"column":2},"end":{"line":84,"column":71}},{"start":{},"end":{}}],"line":83},"10":{"loc":{"start":{"line":86,"column":2},"end":{"line":87,"column":64}},"type":"if","locations":[{"start":{"line":86,"column":2},"end":{"line":87,"column":64}},{"start":{},"end":{}}],"line":86},"11":{"loc":{"start":{"line":89,"column":2},"end":{"line":90,"column":62}},"type":"if","locations":[{"start":{"line":89,"column":2},"end":{"line":90,"column":62}},{"start":{},"end":{}}],"line":89},"12":{"loc":{"start":{"line":110,"column":2},"end":{"line":112,"column":3}},"type":"if","locations":[{"start":{"line":110,"column":2},"end":{"line":112,"column":3}},{"start":{},"end":{}}],"line":110},"13":{"loc":{"start":{"line":110,"column":6},"end":{"line":110,"column":46}},"type":"binary-expr","locations":[{"start":{"line":110,"column":6},"end":{"line":110,"column":14}},{"start":{"line":110,"column":18},"end":{"line":110,"column":46}}],"line":110},"14":{"loc":{"start":{"line":125,"column":2},"end":{"line":126,"column":58}},"type":"if","locations":[{"start":{"line":125,"column":2},"end":{"line":126,"column":58}},{"start":{},"end":{}}],"line":125},"15":{"loc":{"start":{"line":140,"column":2},"end":{"line":142,"column":3}},"type":"if","locations":[{"start":{"line":140,"column":2},"end":{"line":142,"column":3}},{"start":{},"end":{}}],"line":140},"16":{"loc":{"start":{"line":146,"column":2},"end":{"line":148,"column":3}},"type":"if","locations":[{"start":{"line":146,"column":2},"end":{"line":148,"column":3}},{"start":{},"end":{}}],"line":146},"17":{"loc":{"start":{"line":147,"column":19},"end":{"line":147,"column":46}},"type":"binary-expr","locations":[{"start":{"line":147,"column":19},"end":{"line":147,"column":28}},{"start":{"line":147,"column":32},"end":{"line":147,"column":46}}],"line":147},"18":{"loc":{"start":{"line":151,"column":2},"end":{"line":152,"column":21}},"type":"if","locations":[{"start":{"line":151,"column":2},"end":{"line":152,"column":21}},{"start":{},"end":{}}],"line":151},"19":{"loc":{"start":{"line":153,"column":2},"end":{"line":154,"column":23}},"type":"if","locations":[{"start":{"line":153,"column":2},"end":{"line":154,"column":23}},{"start":{},"end":{}}],"line":153},"20":{"loc":{"start":{"line":156,"column":2},"end":{"line":157,"column":33}},"type":"if","locations":[{"start":{"line":156,"column":2},"end":{"line":157,"column":33}},{"start":{},"end":{}}],"line":156},"21":{"loc":{"start":{"line":159,"column":2},"end":{"line":160,"column":37}},"type":"if","locations":[{"start":{"line":159,"column":2},"end":{"line":160,"column":37}},{"start":{},"end":{}}],"line":159},"22":{"loc":{"start":{"line":162,"column":2},"end":{"line":163,"column":33}},"type":"if","locations":[{"start":{"line":162,"column":2},"end":{"line":163,"column":33}},{"start":{},"end":{}}],"line":162},"23":{"loc":{"start":{"line":165,"column":2},"end":{"line":166,"column":27}},"type":"if","locations":[{"start":{"line":165,"column":2},"end":{"line":166,"column":27}},{"start":{},"end":{}}],"line":165},"24":{"loc":{"start":{"line":168,"column":2},"end":{"line":169,"column":43}},"type":"if","locations":[{"start":{"line":168,"column":2},"end":{"line":169,"column":43}},{"start":{},"end":{}}],"line":168},"25":{"loc":{"start":{"line":171,"column":2},"end":{"line":172,"column":29}},"type":"if","locations":[{"start":{"line":171,"column":2},"end":{"line":172,"column":29}},{"start":{},"end":{}}],"line":171},"26":{"loc":{"start":{"line":174,"column":2},"end":{"line":175,"column":25}},"type":"if","locations":[{"start":{"line":174,"column":2},"end":{"line":175,"column":25}},{"start":{},"end":{}}],"line":174},"27":{"loc":{"start":{"line":193,"column":2},"end":{"line":194,"column":58}},"type":"if","locations":[{"start":{"line":193,"column":2},"end":{"line":194,"column":58}},{"start":{},"end":{}}],"line":193},"28":{"loc":{"start":{"line":198,"column":2},"end":{"line":200,"column":3}},"type":"if","locations":[{"start":{"line":198,"column":2},"end":{"line":200,"column":3}},{"start":{},"end":{}}],"line":198},"29":{"loc":{"start":{"line":204,"column":2},"end":{"line":206,"column":3}},"type":"if","locations":[{"start":{"line":204,"column":2},"end":{"line":206,"column":3}},{"start":{},"end":{}}],"line":204}},"s":{"0":27,"1":27,"2":27,"3":27,"4":27,"5":4,"6":4,"7":4,"8":0,"9":27,"10":6,"11":6,"12":6,"13":1,"14":5,"15":5,"16":1,"17":4,"18":0,"19":27,"20":19,"21":19,"22":19,"23":1,"24":18,"25":1,"26":17,"27":17,"28":0,"29":17,"30":17,"31":17,"32":17,"33":17,"34":1,"35":16,"36":1,"37":15,"38":1,"39":14,"40":1,"41":13,"42":1,"43":12,"44":1,"45":11,"46":1,"47":10,"48":10,"49":10,"50":0,"51":0,"52":0,"53":0,"54":27,"55":3,"56":3,"57":3,"58":1,"59":2,"60":2,"61":2,"62":1,"63":1,"64":0,"65":1,"66":0,"67":1,"68":0,"69":1,"70":0,"71":1,"72":0,"73":1,"74":1,"75":1,"76":0,"77":1,"78":0,"79":1,"80":0,"81":1,"82":0,"83":1,"84":1,"85":0,"86":0,"87":27,"88":3,"89":3,"90":3,"91":1,"92":2,"93":2,"94":1,"95":1,"96":1,"97":1,"98":1,"99":1,"100":0,"101":0},"f":{"0":4,"1":6,"2":19,"3":3,"4":3},"b":{"0":[1,5],"1":[1,4],"2":[1,18],"3":[1,17],"4":[0,17],"5":[1,16],"6":[1,15],"7":[1,14],"8":[1,13],"9":[1,12],"10":[1,11],"11":[1,10],"12":[0,0],"13":[0,0],"14":[1,2],"15":[1,1],"16":[0,1],"17":[0,0],"18":[0,1],"19":[0,1],"20":[0,1],"21":[0,1],"22":[1,0],"23":[0,1],"24":[0,1],"25":[0,1],"26":[0,1],"27":[1,2],"28":[1,1],"29":[1,0]},"_coverageSchema":"1a1c01bbd47fc00a2c39e90264f33305004495a9","hash":"e148b803fd62e6c6b6fb2d46d0d9035f23745d31"}
,"C:\\Users\\Ribas\\Desktop\\DeveloppementWeb\\Global Digital University\\marketPlace\\marketplace\\controllers\\orderController.js": {"path":"C:\\Users\\Ribas\\Desktop\\DeveloppementWeb\\Global Digital University\\marketPlace\\marketplace\\controllers\\orderController.js","statementMap":{"0":{"start":{"line":1,"column":14},"end":{"line":1,"column":40}},"1":{"start":{"line":2,"column":17},"end":{"line":2,"column":36}},"2":{"start":{"line":3,"column":11},"end":{"line":3,"column":24}},"3":{"start":{"line":4,"column":13},"end":{"line":4,"column":28}},"4":{"start":{"line":5,"column":16},"end":{"line":5,"column":44}},"5":{"start":{"line":6,"column":13},"end":{"line":6,"column":38}},"6":{"start":{"line":8,"column":0},"end":{"line":20,"column":2}},"7":{"start":{"line":9,"column":2},"end":{"line":19,"column":3}},"8":{"start":{"line":10,"column":19},"end":{"line":12,"column":34}},"9":{"start":{"line":14,"column":4},"end":{"line":14,"column":37}},"10":{"start":{"line":16,"column":4},"end":{"line":18,"column":7}},"11":{"start":{"line":22,"column":0},"end":{"line":39,"column":1}},"12":{"start":{"line":23,"column":1},"end":{"line":38,"column":3}},"13":{"start":{"line":25,"column":19},"end":{"line":25,"column":29}},"14":{"start":{"line":27,"column":4},"end":{"line":28,"column":60}},"15":{"start":{"line":28,"column":8},"end":{"line":28,"column":60}},"16":{"start":{"line":30,"column":18},"end":{"line":30,"column":42}},"17":{"start":{"line":31,"column":4},"end":{"line":32,"column":67}},"18":{"start":{"line":32,"column":6},"end":{"line":32,"column":67}},"19":{"start":{"line":34,"column":4},"end":{"line":34,"column":34}},"20":{"start":{"line":37,"column":4},"end":{"line":37,"column":85}},"21":{"start":{"line":41,"column":0},"end":{"line":93,"column":2}},"22":{"start":{"line":42,"column":2},"end":{"line":92,"column":3}},"23":{"start":{"line":43,"column":19},"end":{"line":43,"column":21}},"24":{"start":{"line":44,"column":0},"end":{"line":76,"column":5}},"25":{"start":{"line":44,"column":11},"end":{"line":44,"column":12}},"26":{"start":{"line":46,"column":45},"end":{"line":46,"column":65}},"27":{"start":{"line":50,"column":4},"end":{"line":58,"column":5}},"28":{"start":{"line":51,"column":6},"end":{"line":51,"column":57}},"29":{"start":{"line":52,"column":11},"end":{"line":58,"column":5}},"30":{"start":{"line":53,"column":6},"end":{"line":53,"column":54}},"31":{"start":{"line":55,"column":6},"end":{"line":57,"column":9}},"32":{"start":{"line":60,"column":4},"end":{"line":64,"column":5}},"33":{"start":{"line":61,"column":6},"end":{"line":63,"column":9}},"34":{"start":{"line":66,"column":25},"end":{"line":68,"column":5}},"35":{"start":{"line":70,"column":4},"end":{"line":75,"column":10}},"36":{"start":{"line":79,"column":18},"end":{"line":81,"column":6}},"37":{"start":{"line":83,"column":23},"end":{"line":83,"column":41}},"38":{"start":{"line":85,"column":4},"end":{"line":85,"column":37}},"39":{"start":{"line":88,"column":4},"end":{"line":88,"column":23}},"40":{"start":{"line":89,"column":4},"end":{"line":91,"column":7}},"41":{"start":{"line":95,"column":0},"end":{"line":138,"column":2}},"42":{"start":{"line":96,"column":0},"end":{"line":137,"column":3}},"43":{"start":{"line":98,"column":17},"end":{"line":98,"column":27}},"44":{"start":{"line":100,"column":2},"end":{"line":101,"column":58}},"45":{"start":{"line":101,"column":4},"end":{"line":101,"column":58}},"46":{"start":{"line":103,"column":41},"end":{"line":103,"column":49}},"47":{"start":{"line":105,"column":16},"end":{"line":105,"column":40}},"48":{"start":{"line":106,"column":2},"end":{"line":108,"column":3}},"49":{"start":{"line":107,"column":2},"end":{"line":107,"column":62}},"50":{"start":{"line":110,"column":18},"end":{"line":112,"column":3}},"51":{"start":{"line":111,"column":7},"end":{"line":111,"column":45}},"52":{"start":{"line":114,"column":2},"end":{"line":118,"column":3}},"53":{"start":{"line":115,"column":4},"end":{"line":117,"column":7}},"54":{"start":{"line":123,"column":2},"end":{"line":124,"column":26}},"55":{"start":{"line":124,"column":6},"end":{"line":124,"column":26}},"56":{"start":{"line":126,"column":2},"end":{"line":127,"column":34}},"57":{"start":{"line":127,"column":6},"end":{"line":127,"column":34}},"58":{"start":{"line":131,"column":23},"end":{"line":131,"column":41}},"59":{"start":{"line":132,"column":2},"end":{"line":132,"column":25}},"60":{"start":{"line":135,"column":4},"end":{"line":135,"column":23}},"61":{"start":{"line":136,"column":4},"end":{"line":136,"column":83}},"62":{"start":{"line":140,"column":0},"end":{"line":150,"column":2}},"63":{"start":{"line":141,"column":2},"end":{"line":149,"column":3}},"64":{"start":{"line":142,"column":4},"end":{"line":142,"column":39}},"65":{"start":{"line":144,"column":4},"end":{"line":144,"column":27}},"66":{"start":{"line":145,"column":4},"end":{"line":145,"column":24}},"67":{"start":{"line":147,"column":4},"end":{"line":147,"column":23}},"68":{"start":{"line":148,"column":4},"end":{"line":148,"column":94}},"69":{"start":{"line":153,"column":0},"end":{"line":178,"column":2}},"70":{"start":{"line":154,"column":0},"end":{"line":177,"column":1}},"71":{"start":{"line":156,"column":17},"end":{"line":156,"column":27}},"72":{"start":{"line":158,"column":2},"end":{"line":159,"column":58}},"73":{"start":{"line":159,"column":4},"end":{"line":159,"column":58}},"74":{"start":{"line":162,"column":16},"end":{"line":162,"column":40}},"75":{"start":{"line":163,"column":2},"end":{"line":165,"column":3}},"76":{"start":{"line":164,"column":2},"end":{"line":164,"column":63}},"77":{"start":{"line":169,"column":2},"end":{"line":169,"column":26}},"78":{"start":{"line":170,"column":2},"end":{"line":170,"column":56}},"79":{"start":{"line":175,"column":2},"end":{"line":175,"column":21}},"80":{"start":{"line":176,"column":2},"end":{"line":176,"column":80}}},"fnMap":{"0":{"name":"(anonymous_0)","decl":{"start":{"line":8,"column":20},"end":{"line":8,"column":21}},"loc":{"start":{"line":8,"column":39},"end":{"line":20,"column":1}},"line":8},"1":{"name":"(anonymous_1)","decl":{"start":{"line":22,"column":19},"end":{"line":22,"column":20}},"loc":{"start":{"line":22,"column":39},"end":{"line":39,"column":1}},"line":22},"2":{"name":"(anonymous_2)","decl":{"start":{"line":41,"column":22},"end":{"line":41,"column":23}},"loc":{"start":{"line":41,"column":42},"end":{"line":93,"column":1}},"line":41},"3":{"name":"(anonymous_3)","decl":{"start":{"line":95,"column":22},"end":{"line":95,"column":23}},"loc":{"start":{"line":95,"column":41},"end":{"line":138,"column":1}},"line":95},"4":{"name":"(anonymous_4)","decl":{"start":{"line":111,"column":2},"end":{"line":111,"column":3}},"loc":{"start":{"line":111,"column":7},"end":{"line":111,"column":45}},"line":111},"5":{"name":"(anonymous_5)","decl":{"start":{"line":140,"column":28},"end":{"line":140,"column":29}},"loc":{"start":{"line":140,"column":47},"end":{"line":150,"column":1}},"line":140},"6":{"name":"(anonymous_6)","decl":{"start":{"line":153,"column":22},"end":{"line":153,"column":23}},"loc":{"start":{"line":153,"column":41},"end":{"line":178,"column":1}},"line":153}},"branchMap":{"0":{"loc":{"start":{"line":27,"column":4},"end":{"line":28,"column":60}},"type":"if","locations":[{"start":{"line":27,"column":4},"end":{"line":28,"column":60}},{"start":{},"end":{}}],"line":27},"1":{"loc":{"start":{"line":31,"column":4},"end":{"line":32,"column":67}},"type":"if","locations":[{"start":{"line":31,"column":4},"end":{"line":32,"column":67}},{"start":{},"end":{}}],"line":31},"2":{"loc":{"start":{"line":50,"column":4},"end":{"line":58,"column":5}},"type":"if","locations":[{"start":{"line":50,"column":4},"end":{"line":58,"column":5}},{"start":{"line":52,"column":11},"end":{"line":58,"column":5}}],"line":50},"3":{"loc":{"start":{"line":52,"column":11},"end":{"line":58,"column":5}},"type":"if","locations":[{"start":{"line":52,"column":11},"end":{"line":58,"column":5}},{"start":{"line":54,"column":11},"end":{"line":58,"column":5}}],"line":52},"4":{"loc":{"start":{"line":60,"column":4},"end":{"line":64,"column":5}},"type":"if","locations":[{"start":{"line":60,"column":4},"end":{"line":64,"column":5}},{"start":{},"end":{}}],"line":60},"5":{"loc":{"start":{"line":100,"column":2},"end":{"line":101,"column":58}},"type":"if","locations":[{"start":{"line":100,"column":2},"end":{"line":101,"column":58}},{"start":{},"end":{}}],"line":100},"6":{"loc":{"start":{"line":106,"column":2},"end":{"line":108,"column":3}},"type":"if","locations":[{"start":{"line":106,"column":2},"end":{"line":108,"column":3}},{"start":{},"end":{}}],"line":106},"7":{"loc":{"start":{"line":114,"column":2},"end":{"line":118,"column":3}},"type":"if","locations":[{"start":{"line":114,"column":2},"end":{"line":118,"column":3}},{"start":{},"end":{}}],"line":114},"8":{"loc":{"start":{"line":123,"column":2},"end":{"line":124,"column":26}},"type":"if","locations":[{"start":{"line":123,"column":2},"end":{"line":124,"column":26}},{"start":{},"end":{}}],"line":123},"9":{"loc":{"start":{"line":126,"column":2},"end":{"line":127,"column":34}},"type":"if","locations":[{"start":{"line":126,"column":2},"end":{"line":127,"column":34}},{"start":{},"end":{}}],"line":126},"10":{"loc":{"start":{"line":158,"column":2},"end":{"line":159,"column":58}},"type":"if","locations":[{"start":{"line":158,"column":2},"end":{"line":159,"column":58}},{"start":{},"end":{}}],"line":158},"11":{"loc":{"start":{"line":163,"column":2},"end":{"line":165,"column":3}},"type":"if","locations":[{"start":{"line":163,"column":2},"end":{"line":165,"column":3}},{"start":{},"end":{}}],"line":163}},"s":{"0":27,"1":27,"2":27,"3":27,"4":27,"5":27,"6":27,"7":4,"8":4,"9":4,"10":0,"11":27,"12":6,"13":6,"14":6,"15":1,"16":5,"17":5,"18":1,"19":4,"20":0,"21":27,"22":5,"23":5,"24":5,"25":5,"26":5,"27":5,"28":4,"29":1,"30":0,"31":1,"32":4,"33":1,"34":3,"35":3,"36":3,"37":3,"38":3,"39":0,"40":0,"41":27,"42":6,"43":6,"44":6,"45":1,"46":5,"47":5,"48":5,"49":1,"50":4,"51":5,"52":4,"53":1,"54":3,"55":3,"56":3,"57":3,"58":3,"59":3,"60":0,"61":0,"62":27,"63":11,"64":11,"65":11,"66":11,"67":0,"68":0,"69":27,"70":5,"71":5,"72":5,"73":1,"74":4,"75":4,"76":1,"77":3,"78":3,"79":0,"80":0},"f":{"0":4,"1":6,"2":5,"3":6,"4":5,"5":11,"6":5},"b":{"0":[1,5],"1":[1,4],"2":[4,1],"3":[0,1],"4":[1,3],"5":[1,5],"6":[1,4],"7":[1,3],"8":[3,0],"9":[3,0],"10":[1,4],"11":[1,3]},"_coverageSchema":"1a1c01bbd47fc00a2c39e90264f33305004495a9","hash":"f405ae93785df4472d76918fd6fa4271c4b45494"}
,"C:\\Users\\Ribas\\Desktop\\DeveloppementWeb\\Global Digital University\\marketPlace\\marketplace\\controllers\\productController.js": {"path":"C:\\Users\\Ribas\\Desktop\\DeveloppementWeb\\Global Digital University\\marketPlace\\marketplace\\controllers\\productController.js","statementMap":{"0":{"start":{"line":1,"column":16},"end":{"line":1,"column":44}},"1":{"start":{"line":2,"column":17},"end":{"line":2,"column":36}},"2":{"start":{"line":3,"column":11},"end":{"line":3,"column":24}},"3":{"start":{"line":4,"column":13},"end":{"line":4,"column":28}},"4":{"start":{"line":6,"column":0},"end":{"line":31,"column":2}},"5":{"start":{"line":7,"column":2},"end":{"line":30,"column":3}},"6":{"start":{"line":8,"column":19},"end":{"line":8,"column":21}},"7":{"start":{"line":10,"column":4},"end":{"line":12,"column":5}},"8":{"start":{"line":11,"column":6},"end":{"line":11,"column":45}},"9":{"start":{"line":14,"column":4},"end":{"line":16,"column":5}},"10":{"start":{"line":15,"column":6},"end":{"line":15,"column":58}},"11":{"start":{"line":23,"column":21},"end":{"line":23,"column":47}},"12":{"start":{"line":25,"column":4},"end":{"line":25,"column":39}},"13":{"start":{"line":27,"column":4},"end":{"line":29,"column":7}},"14":{"start":{"line":33,"column":0},"end":{"line":50,"column":1}},"15":{"start":{"line":34,"column":2},"end":{"line":49,"column":3}},"16":{"start":{"line":36,"column":19},"end":{"line":36,"column":29}},"17":{"start":{"line":38,"column":4},"end":{"line":39,"column":60}},"18":{"start":{"line":39,"column":8},"end":{"line":39,"column":60}},"19":{"start":{"line":41,"column":20},"end":{"line":41,"column":46}},"20":{"start":{"line":42,"column":4},"end":{"line":43,"column":65}},"21":{"start":{"line":43,"column":6},"end":{"line":43,"column":65}},"22":{"start":{"line":45,"column":4},"end":{"line":45,"column":36}},"23":{"start":{"line":48,"column":4},"end":{"line":48,"column":81}},"24":{"start":{"line":52,"column":0},"end":{"line":102,"column":1}},"25":{"start":{"line":53,"column":0},"end":{"line":100,"column":1}},"26":{"start":{"line":54,"column":45},"end":{"line":54,"column":53}},"27":{"start":{"line":56,"column":2},"end":{"line":58,"column":3}},"28":{"start":{"line":57,"column":2},"end":{"line":57,"column":62}},"29":{"start":{"line":60,"column":2},"end":{"line":61,"column":66}},"30":{"start":{"line":61,"column":2},"end":{"line":61,"column":66}},"31":{"start":{"line":63,"column":18},"end":{"line":63,"column":40}},"32":{"start":{"line":65,"column":2},"end":{"line":67,"column":3}},"33":{"start":{"line":66,"column":2},"end":{"line":66,"column":45}},"34":{"start":{"line":69,"column":23},"end":{"line":69,"column":36}},"35":{"start":{"line":70,"column":24},"end":{"line":70,"column":61}},"36":{"start":{"line":72,"column":2},"end":{"line":72,"column":45}},"37":{"start":{"line":74,"column":16},"end":{"line":74,"column":51}},"38":{"start":{"line":76,"column":2},"end":{"line":77,"column":62}},"39":{"start":{"line":77,"column":6},"end":{"line":77,"column":62}},"40":{"start":{"line":79,"column":2},"end":{"line":80,"column":61}},"41":{"start":{"line":80,"column":4},"end":{"line":80,"column":61}},"42":{"start":{"line":82,"column":2},"end":{"line":83,"column":70}},"43":{"start":{"line":83,"column":2},"end":{"line":83,"column":70}},"44":{"start":{"line":87,"column":18},"end":{"line":93,"column":4}},"45":{"start":{"line":95,"column":23},"end":{"line":95,"column":43}},"46":{"start":{"line":96,"column":2},"end":{"line":96,"column":37}},"47":{"start":{"line":98,"column":2},"end":{"line":98,"column":21}},"48":{"start":{"line":99,"column":2},"end":{"line":99,"column":73}},"49":{"start":{"line":104,"column":0},"end":{"line":151,"column":2}},"50":{"start":{"line":105,"column":0},"end":{"line":150,"column":1}},"51":{"start":{"line":107,"column":17},"end":{"line":107,"column":27}},"52":{"start":{"line":109,"column":2},"end":{"line":110,"column":58}},"53":{"start":{"line":110,"column":4},"end":{"line":110,"column":58}},"54":{"start":{"line":112,"column":45},"end":{"line":112,"column":53}},"55":{"start":{"line":114,"column":18},"end":{"line":114,"column":44}},"56":{"start":{"line":115,"column":2},"end":{"line":117,"column":3}},"57":{"start":{"line":116,"column":2},"end":{"line":116,"column":61}},"58":{"start":{"line":122,"column":2},"end":{"line":124,"column":3}},"59":{"start":{"line":123,"column":2},"end":{"line":123,"column":67}},"60":{"start":{"line":128,"column":2},"end":{"line":129,"column":24}},"61":{"start":{"line":129,"column":6},"end":{"line":129,"column":24}},"62":{"start":{"line":130,"column":2},"end":{"line":131,"column":26}},"63":{"start":{"line":131,"column":6},"end":{"line":131,"column":26}},"64":{"start":{"line":133,"column":2},"end":{"line":134,"column":36}},"65":{"start":{"line":134,"column":6},"end":{"line":134,"column":36}},"66":{"start":{"line":136,"column":2},"end":{"line":137,"column":28}},"67":{"start":{"line":137,"column":6},"end":{"line":137,"column":28}},"68":{"start":{"line":139,"column":2},"end":{"line":140,"column":36}},"69":{"start":{"line":140,"column":4},"end":{"line":140,"column":36}},"70":{"start":{"line":144,"column":25},"end":{"line":144,"column":45}},"71":{"start":{"line":145,"column":2},"end":{"line":145,"column":27}},"72":{"start":{"line":148,"column":2},"end":{"line":148,"column":21}},"73":{"start":{"line":149,"column":2},"end":{"line":149,"column":77}},"74":{"start":{"line":153,"column":0},"end":{"line":184,"column":2}},"75":{"start":{"line":154,"column":0},"end":{"line":183,"column":1}},"76":{"start":{"line":156,"column":17},"end":{"line":156,"column":27}},"77":{"start":{"line":158,"column":2},"end":{"line":159,"column":58}},"78":{"start":{"line":159,"column":4},"end":{"line":159,"column":58}},"79":{"start":{"line":162,"column":18},"end":{"line":162,"column":44}},"80":{"start":{"line":163,"column":2},"end":{"line":165,"column":3}},"81":{"start":{"line":164,"column":2},"end":{"line":164,"column":61}},"82":{"start":{"line":167,"column":22},"end":{"line":167,"column":57}},"83":{"start":{"line":169,"column":2},"end":{"line":171,"column":3}},"84":{"start":{"line":170,"column":4},"end":{"line":170,"column":31}},"85":{"start":{"line":175,"column":2},"end":{"line":175,"column":28}},"86":{"start":{"line":176,"column":2},"end":{"line":176,"column":54}},"87":{"start":{"line":181,"column":2},"end":{"line":181,"column":21}},"88":{"start":{"line":182,"column":2},"end":{"line":182,"column":76}}},"fnMap":{"0":{"name":"(anonymous_0)","decl":{"start":{"line":6,"column":22},"end":{"line":6,"column":23}},"loc":{"start":{"line":6,"column":42},"end":{"line":31,"column":1}},"line":6},"1":{"name":"(anonymous_1)","decl":{"start":{"line":33,"column":21},"end":{"line":33,"column":22}},"loc":{"start":{"line":33,"column":41},"end":{"line":50,"column":1}},"line":33},"2":{"name":"(anonymous_2)","decl":{"start":{"line":52,"column":24},"end":{"line":52,"column":25}},"loc":{"start":{"line":52,"column":44},"end":{"line":102,"column":1}},"line":52},"3":{"name":"(anonymous_3)","decl":{"start":{"line":104,"column":24},"end":{"line":104,"column":25}},"loc":{"start":{"line":104,"column":43},"end":{"line":151,"column":1}},"line":104},"4":{"name":"(anonymous_4)","decl":{"start":{"line":153,"column":24},"end":{"line":153,"column":25}},"loc":{"start":{"line":153,"column":43},"end":{"line":184,"column":1}},"line":153}},"branchMap":{"0":{"loc":{"start":{"line":10,"column":4},"end":{"line":12,"column":5}},"type":"if","locations":[{"start":{"line":10,"column":4},"end":{"line":12,"column":5}},{"start":{},"end":{}}],"line":10},"1":{"loc":{"start":{"line":14,"column":4},"end":{"line":16,"column":5}},"type":"if","locations":[{"start":{"line":14,"column":4},"end":{"line":16,"column":5}},{"start":{},"end":{}}],"line":14},"2":{"loc":{"start":{"line":38,"column":4},"end":{"line":39,"column":60}},"type":"if","locations":[{"start":{"line":38,"column":4},"end":{"line":39,"column":60}},{"start":{},"end":{}}],"line":38},"3":{"loc":{"start":{"line":42,"column":4},"end":{"line":43,"column":65}},"type":"if","locations":[{"start":{"line":42,"column":4},"end":{"line":43,"column":65}},{"start":{},"end":{}}],"line":42},"4":{"loc":{"start":{"line":56,"column":2},"end":{"line":58,"column":3}},"type":"if","locations":[{"start":{"line":56,"column":2},"end":{"line":58,"column":3}},{"start":{},"end":{}}],"line":56},"5":{"loc":{"start":{"line":60,"column":2},"end":{"line":61,"column":66}},"type":"if","locations":[{"start":{"line":60,"column":2},"end":{"line":61,"column":66}},{"start":{},"end":{}}],"line":60},"6":{"loc":{"start":{"line":65,"column":2},"end":{"line":67,"column":3}},"type":"if","locations":[{"start":{"line":65,"column":2},"end":{"line":67,"column":3}},{"start":{},"end":{}}],"line":65},"7":{"loc":{"start":{"line":76,"column":2},"end":{"line":77,"column":62}},"type":"if","locations":[{"start":{"line":76,"column":2},"end":{"line":77,"column":62}},{"start":{},"end":{}}],"line":76},"8":{"loc":{"start":{"line":79,"column":2},"end":{"line":80,"column":61}},"type":"if","locations":[{"start":{"line":79,"column":2},"end":{"line":80,"column":61}},{"start":{},"end":{}}],"line":79},"9":{"loc":{"start":{"line":82,"column":2},"end":{"line":83,"column":70}},"type":"if","locations":[{"start":{"line":82,"column":2},"end":{"line":83,"column":70}},{"start":{},"end":{}}],"line":82},"10":{"loc":{"start":{"line":109,"column":2},"end":{"line":110,"column":58}},"type":"if","locations":[{"start":{"line":109,"column":2},"end":{"line":110,"column":58}},{"start":{},"end":{}}],"line":109},"11":{"loc":{"start":{"line":115,"column":2},"end":{"line":117,"column":3}},"type":"if","locations":[{"start":{"line":115,"column":2},"end":{"line":117,"column":3}},{"start":{},"end":{}}],"line":115},"12":{"loc":{"start":{"line":122,"column":2},"end":{"line":124,"column":3}},"type":"if","locations":[{"start":{"line":122,"column":2},"end":{"line":124,"column":3}},{"start":{},"end":{}}],"line":122},"13":{"loc":{"start":{"line":123,"column":13},"end":{"line":123,"column":43}},"type":"binary-expr","locations":[{"start":{"line":123,"column":13},"end":{"line":123,"column":22}},{"start":{"line":123,"column":26},"end":{"line":123,"column":43}}],"line":123},"14":{"loc":{"start":{"line":128,"column":2},"end":{"line":129,"column":24}},"type":"if","locations":[{"start":{"line":128,"column":2},"end":{"line":129,"column":24}},{"start":{},"end":{}}],"line":128},"15":{"loc":{"start":{"line":130,"column":2},"end":{"line":131,"column":26}},"type":"if","locations":[{"start":{"line":130,"column":2},"end":{"line":131,"column":26}},{"start":{},"end":{}}],"line":130},"16":{"loc":{"start":{"line":133,"column":2},"end":{"line":134,"column":36}},"type":"if","locations":[{"start":{"line":133,"column":2},"end":{"line":134,"column":36}},{"start":{},"end":{}}],"line":133},"17":{"loc":{"start":{"line":136,"column":2},"end":{"line":137,"column":28}},"type":"if","locations":[{"start":{"line":136,"column":2},"end":{"line":137,"column":28}},{"start":{},"end":{}}],"line":136},"18":{"loc":{"start":{"line":139,"column":2},"end":{"line":140,"column":36}},"type":"if","locations":[{"start":{"line":139,"column":2},"end":{"line":140,"column":36}},{"start":{},"end":{}}],"line":139},"19":{"loc":{"start":{"line":158,"column":2},"end":{"line":159,"column":58}},"type":"if","locations":[{"start":{"line":158,"column":2},"end":{"line":159,"column":58}},{"start":{},"end":{}}],"line":158},"20":{"loc":{"start":{"line":163,"column":2},"end":{"line":165,"column":3}},"type":"if","locations":[{"start":{"line":163,"column":2},"end":{"line":165,"column":3}},{"start":{},"end":{}}],"line":163},"21":{"loc":{"start":{"line":169,"column":2},"end":{"line":171,"column":3}},"type":"if","locations":[{"start":{"line":169,"column":2},"end":{"line":171,"column":3}},{"start":{},"end":{}}],"line":169}},"s":{"0":27,"1":27,"2":27,"3":27,"4":27,"5":4,"6":4,"7":4,"8":0,"9":4,"10":0,"11":4,"12":4,"13":0,"14":27,"15":6,"16":6,"17":6,"18":1,"19":5,"20":5,"21":1,"22":4,"23":0,"24":27,"25":15,"26":15,"27":15,"28":1,"29":14,"30":1,"31":13,"32":13,"33":0,"34":13,"35":13,"36":13,"37":13,"38":13,"39":1,"40":12,"41":1,"42":11,"43":1,"44":10,"45":10,"46":10,"47":0,"48":0,"49":27,"50":3,"51":3,"52":3,"53":1,"54":2,"55":2,"56":2,"57":1,"58":1,"59":0,"60":1,"61":0,"62":1,"63":0,"64":1,"65":0,"66":1,"67":0,"68":1,"69":1,"70":1,"71":1,"72":0,"73":0,"74":27,"75":3,"76":3,"77":3,"78":1,"79":2,"80":2,"81":1,"82":1,"83":1,"84":1,"85":1,"86":1,"87":0,"88":0},"f":{"0":4,"1":6,"2":15,"3":3,"4":3},"b":{"0":[0,4],"1":[0,4],"2":[1,5],"3":[1,4],"4":[1,14],"5":[1,13],"6":[0,13],"7":[1,12],"8":[1,11],"9":[1,10],"10":[1,2],"11":[1,1],"12":[0,1],"13":[0,0],"14":[0,1],"15":[0,1],"16":[0,1],"17":[0,1],"18":[1,0],"19":[1,2],"20":[1,1],"21":[1,0]},"_coverageSchema":"1a1c01bbd47fc00a2c39e90264f33305004495a9","hash":"defe1c13c4db63cd70e42925d53934c8db53a1b7"}
,"C:\\Users\\Ribas\\Desktop\\DeveloppementWeb\\Global Digital University\\marketPlace\\marketplace\\middleware\\auth.js": {"path":"C:\\Users\\Ribas\\Desktop\\DeveloppementWeb\\Global Digital University\\marketPlace\\marketplace\\middleware\\auth.js","statementMap":{"0":{"start":{"line":1,"column":12},"end":{"line":1,"column":35}},"1":{"start":{"line":4,"column":13},"end":{"line":19,"column":1}},"2":{"start":{"line":5,"column":16},"end":{"line":5,"column":57}},"3":{"start":{"line":9,"column":2},"end":{"line":10,"column":70}},"4":{"start":{"line":10,"column":4},"end":{"line":10,"column":70}},"5":{"start":{"line":12,"column":2},"end":{"line":18,"column":3}},"6":{"start":{"line":13,"column":24},"end":{"line":13,"column":65}},"7":{"start":{"line":14,"column":4},"end":{"line":14,"column":27}},"8":{"start":{"line":15,"column":4},"end":{"line":15,"column":11}},"9":{"start":{"line":17,"column":4},"end":{"line":17,"column":69}},"10":{"start":{"line":21,"column":0},"end":{"line":21,"column":22}}},"fnMap":{"0":{"name":"(anonymous_0)","decl":{"start":{"line":4,"column":13},"end":{"line":4,"column":14}},"loc":{"start":{"line":4,"column":33},"end":{"line":19,"column":1}},"line":4}},"branchMap":{"0":{"loc":{"start":{"line":9,"column":2},"end":{"line":10,"column":70}},"type":"if","locations":[{"start":{"line":9,"column":2},"end":{"line":10,"column":70}},{"start":{},"end":{}}],"line":9}},"s":{"0":2,"1":2,"2":0,"3":0,"4":0,"5":0,"6":0,"7":0,"8":0,"9":0,"10":2},"f":{"0":0},"b":{"0":[0,0]},"_coverageSchema":"1a1c01bbd47fc00a2c39e90264f33305004495a9","hash":"fd9df9ce3c81aa0f8ccf919333b34237e3cfd4cf"}
,"C:\\Users\\Ribas\\Desktop\\DeveloppementWeb\\Global Digital University\\marketPlace\\marketplace\\middleware\\multer.js": {"path":"C:\\Users\\Ribas\\Desktop\\DeveloppementWeb\\Global Digital University\\marketPlace\\marketplace\\middleware\\multer.js","statementMap":{"0":{"start":{"line":1,"column":15},"end":{"line":1,"column":32}},"1":{"start":{"line":2,"column":13},"end":{"line":2,"column":28}},"2":{"start":{"line":3,"column":11},"end":{"line":3,"column":24}},"3":{"start":{"line":5,"column":16},"end":{"line":20,"column":2}},"4":{"start":{"line":7,"column":19},"end":{"line":7,"column":34}},"5":{"start":{"line":9,"column":4},"end":{"line":11,"column":5}},"6":{"start":{"line":10,"column":6},"end":{"line":10,"column":48}},"7":{"start":{"line":13,"column":4},"end":{"line":13,"column":27}},"8":{"start":{"line":17,"column":19},"end":{"line":17,"column":72}},"9":{"start":{"line":18,"column":4},"end":{"line":18,"column":61}},"10":{"start":{"line":22,"column":19},"end":{"line":30,"column":1}},"11":{"start":{"line":23,"column":23},"end":{"line":23,"column":51}},"12":{"start":{"line":24,"column":27},"end":{"line":24,"column":91}},"13":{"start":{"line":25,"column":26},"end":{"line":25,"column":106}},"14":{"start":{"line":26,"column":2},"end":{"line":29,"column":61}},"15":{"start":{"line":27,"column":4},"end":{"line":27,"column":25}},"16":{"start":{"line":29,"column":4},"end":{"line":29,"column":61}},"17":{"start":{"line":33,"column":15},"end":{"line":37,"column":2}},"18":{"start":{"line":39,"column":0},"end":{"line":39,"column":24}}},"fnMap":{"0":{"name":"(anonymous_0)","decl":{"start":{"line":6,"column":15},"end":{"line":6,"column":16}},"loc":{"start":{"line":6,"column":40},"end":{"line":14,"column":3}},"line":6},"1":{"name":"(anonymous_1)","decl":{"start":{"line":16,"column":12},"end":{"line":16,"column":13}},"loc":{"start":{"line":16,"column":37},"end":{"line":19,"column":3}},"line":16},"2":{"name":"(anonymous_2)","decl":{"start":{"line":22,"column":19},"end":{"line":22,"column":20}},"loc":{"start":{"line":22,"column":44},"end":{"line":30,"column":1}},"line":22}},"branchMap":{"0":{"loc":{"start":{"line":9,"column":4},"end":{"line":11,"column":5}},"type":"if","locations":[{"start":{"line":9,"column":4},"end":{"line":11,"column":5}},{"start":{},"end":{}}],"line":9},"1":{"loc":{"start":{"line":25,"column":26},"end":{"line":25,"column":106}},"type":"binary-expr","locations":[{"start":{"line":25,"column":26},"end":{"line":25,"column":58}},{"start":{"line":25,"column":62},"end":{"line":25,"column":106}}],"line":25},"2":{"loc":{"start":{"line":26,"column":2},"end":{"line":29,"column":61}},"type":"if","locations":[{"start":{"line":26,"column":2},"end":{"line":29,"column":61}},{"start":{"line":29,"column":4},"end":{"line":29,"column":61}}],"line":26},"3":{"loc":{"start":{"line":26,"column":5},"end":{"line":26,"column":40}},"type":"binary-expr","locations":[{"start":{"line":26,"column":5},"end":{"line":26,"column":21}},{"start":{"line":26,"column":25},"end":{"line":26,"column":40}}],"line":26}},"s":{"0":27,"1":27,"2":27,"3":27,"4":32,"5":32,"6":0,"7":32,"8":32,"9":32,"10":27,"11":32,"12":32,"13":32,"14":32,"15":32,"16":0,"17":27,"18":27},"f":{"0":32,"1":32,"2":32},"b":{"0":[0,32],"1":[32,0],"2":[32,0],"3":[32,32]},"_coverageSchema":"1a1c01bbd47fc00a2c39e90264f33305004495a9","hash":"9cc36861f84a85453cc094136d1c1e8b54471f0a"}
,"C:\\Users\\Ribas\\Desktop\\DeveloppementWeb\\Global Digital University\\marketPlace\\marketplace\\middleware\\roleMiddleware.js": {"path":"C:\\Users\\Ribas\\Desktop\\DeveloppementWeb\\Global Digital University\\marketPlace\\marketplace\\middleware\\roleMiddleware.js","statementMap":{"0":{"start":{"line":1,"column":18},"end":{"line":13,"column":1}},"1":{"start":{"line":2,"column":2},"end":{"line":12,"column":3}},"2":{"start":{"line":3,"column":4},"end":{"line":5,"column":5}},"3":{"start":{"line":4,"column":6},"end":{"line":4,"column":74}},"4":{"start":{"line":7,"column":4},"end":{"line":9,"column":5}},"5":{"start":{"line":8,"column":6},"end":{"line":8,"column":85}},"6":{"start":{"line":11,"column":4},"end":{"line":11,"column":10}},"7":{"start":{"line":15,"column":0},"end":{"line":15,"column":27}}},"fnMap":{"0":{"name":"(anonymous_0)","decl":{"start":{"line":1,"column":18},"end":{"line":1,"column":19}},"loc":{"start":{"line":1,"column":36},"end":{"line":13,"column":1}},"line":1},"1":{"name":"(anonymous_1)","decl":{"start":{"line":2,"column":9},"end":{"line":2,"column":10}},"loc":{"start":{"line":2,"column":29},"end":{"line":12,"column":3}},"line":2}},"branchMap":{"0":{"loc":{"start":{"line":3,"column":4},"end":{"line":5,"column":5}},"type":"if","locations":[{"start":{"line":3,"column":4},"end":{"line":5,"column":5}},{"start":{},"end":{}}],"line":3},"1":{"loc":{"start":{"line":7,"column":4},"end":{"line":9,"column":5}},"type":"if","locations":[{"start":{"line":7,"column":4},"end":{"line":9,"column":5}},{"start":{},"end":{}}],"line":7}},"s":{"0":27,"1":351,"2":109,"3":0,"4":109,"5":34,"6":75,"7":27},"f":{"0":351,"1":109},"b":{"0":[0,109],"1":[34,75]},"_coverageSchema":"1a1c01bbd47fc00a2c39e90264f33305004495a9","hash":"e0352e35fb527778c79a656735af8d46521164ac"}
,"C:\\Users\\Ribas\\Desktop\\DeveloppementWeb\\Global Digital University\\marketPlace\\marketplace\\middleware\\statutMiddleware.js": {"path":"C:\\Users\\Ribas\\Desktop\\DeveloppementWeb\\Global Digital University\\marketPlace\\marketplace\\middleware\\statutMiddleware.js","statementMap":{"0":{"start":{"line":1,"column":14},"end":{"line":1,"column":40}},"1":{"start":{"line":2,"column":38},"end":{"line":2,"column":66}},"2":{"start":{"line":5,"column":16},"end":{"line":5,"column":51}},"3":{"start":{"line":6,"column":2},"end":{"line":6,"column":77}},"4":{"start":{"line":6,"column":14},"end":{"line":6,"column":77}},"5":{"start":{"line":7,"column":2},"end":{"line":7,"column":20}},"6":{"start":{"line":8,"column":2},"end":{"line":8,"column":9}},"7":{"start":{"line":12,"column":21},"end":{"line":12,"column":29}},"8":{"start":{"line":14,"column":2},"end":{"line":16,"column":3}},"9":{"start":{"line":15,"column":4},"end":{"line":15,"column":82}},"10":{"start":{"line":18,"column":22},"end":{"line":18,"column":43}},"11":{"start":{"line":19,"column":2},"end":{"line":21,"column":3}},"12":{"start":{"line":20,"column":4},"end":{"line":20,"column":109}},"13":{"start":{"line":23,"column":2},"end":{"line":23,"column":9}},"14":{"start":{"line":27,"column":19},"end":{"line":27,"column":27}},"15":{"start":{"line":28,"column":16},"end":{"line":28,"column":25}},"16":{"start":{"line":29,"column":32},"end":{"line":29,"column":40}},"17":{"start":{"line":31,"column":2},"end":{"line":31,"column":47}},"18":{"start":{"line":31,"column":33},"end":{"line":31,"column":47}},"19":{"start":{"line":33,"column":26},"end":{"line":33,"column":49}},"20":{"start":{"line":34,"column":2},"end":{"line":36,"column":3}},"21":{"start":{"line":35,"column":4},"end":{"line":35,"column":63}},"22":{"start":{"line":38,"column":29},"end":{"line":38,"column":64}},"23":{"start":{"line":40,"column":2},"end":{"line":44,"column":3}},"24":{"start":{"line":41,"column":4},"end":{"line":43,"column":7}},"25":{"start":{"line":46,"column":2},"end":{"line":46,"column":9}},"26":{"start":{"line":50,"column":0},"end":{"line":50,"column":73}}},"fnMap":{"0":{"name":"loadOrder","decl":{"start":{"line":4,"column":15},"end":{"line":4,"column":24}},"loc":{"start":{"line":4,"column":41},"end":{"line":9,"column":1}},"line":4},"1":{"name":"validateOrderStatus","decl":{"start":{"line":11,"column":9},"end":{"line":11,"column":28}},"loc":{"start":{"line":11,"column":45},"end":{"line":24,"column":1}},"line":11},"2":{"name":"canChangeOrderStatus","decl":{"start":{"line":26,"column":9},"end":{"line":26,"column":29}},"loc":{"start":{"line":26,"column":46},"end":{"line":47,"column":1}},"line":26}},"branchMap":{"0":{"loc":{"start":{"line":6,"column":2},"end":{"line":6,"column":77}},"type":"if","locations":[{"start":{"line":6,"column":2},"end":{"line":6,"column":77}},{"start":{},"end":{}}],"line":6},"1":{"loc":{"start":{"line":14,"column":2},"end":{"line":16,"column":3}},"type":"if","locations":[{"start":{"line":14,"column":2},"end":{"line":16,"column":3}},{"start":{},"end":{}}],"line":14},"2":{"loc":{"start":{"line":19,"column":2},"end":{"line":21,"column":3}},"type":"if","locations":[{"start":{"line":19,"column":2},"end":{"line":21,"column":3}},{"start":{},"end":{}}],"line":19},"3":{"loc":{"start":{"line":31,"column":2},"end":{"line":31,"column":47}},"type":"if","locations":[{"start":{"line":31,"column":2},"end":{"line":31,"column":47}},{"start":{},"end":{}}],"line":31},"4":{"loc":{"start":{"line":34,"column":2},"end":{"line":36,"column":3}},"type":"if","locations":[{"start":{"line":34,"column":2},"end":{"line":36,"column":3}},{"start":{},"end":{}}],"line":34},"5":{"loc":{"start":{"line":38,"column":29},"end":{"line":38,"column":64}},"type":"binary-expr","locations":[{"start":{"line":38,"column":29},"end":{"line":38,"column":58}},{"start":{"line":38,"column":62},"end":{"line":38,"column":64}}],"line":38},"6":{"loc":{"start":{"line":40,"column":2},"end":{"line":44,"column":3}},"type":"if","locations":[{"start":{"line":40,"column":2},"end":{"line":44,"column":3}},{"start":{},"end":{}}],"line":40}},"s":{"0":27,"1":27,"2":18,"3":18,"4":0,"5":18,"6":18,"7":18,"8":18,"9":0,"10":18,"11":18,"12":0,"13":18,"14":18,"15":18,"16":18,"17":18,"18":5,"19":13,"20":13,"21":2,"22":11,"23":11,"24":5,"25":6,"26":27},"f":{"0":18,"1":18,"2":18},"b":{"0":[0,18],"1":[0,18],"2":[0,18],"3":[5,13],"4":[2,11],"5":[11,3],"6":[5,6]},"_coverageSchema":"1a1c01bbd47fc00a2c39e90264f33305004495a9","hash":"bb75fdbbac55fc6d0a439d6fcb88103f4b3bae9a"}
,"C:\\Users\\Ribas\\Desktop\\DeveloppementWeb\\Global Digital University\\marketPlace\\marketplace\\models\\menu.js": {"path":"C:\\Users\\Ribas\\Desktop\\DeveloppementWeb\\Global Digital University\\marketPlace\\marketplace\\models\\menu.js","statementMap":{"0":{"start":{"line":1,"column":17},"end":{"line":1,"column":37}},"1":{"start":{"line":3,"column":19},"end":{"line":25,"column":22}},"2":{"start":{"line":28,"column":0},"end":{"line":28,"column":52}}},"fnMap":{},"branchMap":{},"s":{"0":27,"1":27,"2":27},"f":{},"b":{},"_coverageSchema":"1a1c01bbd47fc00a2c39e90264f33305004495a9","hash":"b893399698ac771dfff416eeda273e9f5006c482"}
,"C:\\Users\\Ribas\\Desktop\\DeveloppementWeb\\Global Digital University\\marketPlace\\marketplace\\models\\order.js": {"path":"C:\\Users\\Ribas\\Desktop\\DeveloppementWeb\\Global Digital University\\marketPlace\\marketplace\\models\\order.js","statementMap":{"0":{"start":{"line":1,"column":17},"end":{"line":1,"column":36}},"1":{"start":{"line":3,"column":22},"end":{"line":23,"column":18}},"2":{"start":{"line":25,"column":20},"end":{"line":33,"column":24}},"3":{"start":{"line":35,"column":0},"end":{"line":35,"column":54}}},"fnMap":{},"branchMap":{},"s":{"0":27,"1":27,"2":27,"3":27},"f":{},"b":{},"_coverageSchema":"1a1c01bbd47fc00a2c39e90264f33305004495a9","hash":"a4a1c4937b3e9247e7d3e87f459744d576fb1ac0"}
,"C:\\Users\\Ribas\\Desktop\\DeveloppementWeb\\Global Digital University\\marketPlace\\marketplace\\models\\product.js": {"path":"C:\\Users\\Ribas\\Desktop\\DeveloppementWeb\\Global Digital University\\marketPlace\\marketplace\\models\\product.js","statementMap":{"0":{"start":{"line":1,"column":17},"end":{"line":1,"column":37}},"1":{"start":{"line":3,"column":22},"end":{"line":9,"column":22}},"2":{"start":{"line":12,"column":0},"end":{"line":12,"column":58}}},"fnMap":{},"branchMap":{},"s":{"0":27,"1":27,"2":27},"f":{},"b":{},"_coverageSchema":"1a1c01bbd47fc00a2c39e90264f33305004495a9","hash":"441de4f2bfbb735dadae977d771a6d53529012a9"}
,"C:\\Users\\Ribas\\Desktop\\DeveloppementWeb\\Global Digital University\\marketPlace\\marketplace\\models\\user.js": {"path":"C:\\Users\\Ribas\\Desktop\\DeveloppementWeb\\Global Digital University\\marketPlace\\marketplace\\models\\user.js","statementMap":{"0":{"start":{"line":1,"column":17},"end":{"line":1,"column":37}},"1":{"start":{"line":3,"column":19},"end":{"line":10,"column":22}},"2":{"start":{"line":12,"column":0},"end":{"line":12,"column":52}}},"fnMap":{},"branchMap":{},"s":{"0":27,"1":27,"2":27},"f":{},"b":{},"_coverageSchema":"1a1c01bbd47fc00a2c39e90264f33305004495a9","hash":"a698c5f07d97d88b8ea74720d8a2c881d22cab40"}
,"C:\\Users\\Ribas\\Desktop\\DeveloppementWeb\\Global Digital University\\marketPlace\\marketplace\\routes\\menuRoutes.js": {"path":"C:\\Users\\Ribas\\Desktop\\DeveloppementWeb\\Global Digital University\\marketPlace\\marketplace\\routes\\menuRoutes.js","statementMap":{"0":{"start":{"line":1,"column":16},"end":{"line":1,"column":34}},"1":{"start":{"line":2,"column":15},"end":{"line":2,"column":46}},"2":{"start":{"line":3,"column":66},"end":{"line":3,"column":106}},"3":{"start":{"line":4,"column":15},"end":{"line":4,"column":31}},"4":{"start":{"line":5,"column":13},"end":{"line":5,"column":42}},"5":{"start":{"line":6,"column":18},"end":{"line":6,"column":57}},"6":{"start":{"line":7,"column":14},"end":{"line":7,"column":40}},"7":{"start":{"line":76,"column":0},"end":{"line":76,"column":26}},"8":{"start":{"line":139,"column":0},"end":{"line":139,"column":28}},"9":{"start":{"line":197,"column":0},"end":{"line":197,"column":89}},"10":{"start":{"line":254,"column":0},"end":{"line":254,"column":91}},"11":{"start":{"line":285,"column":0},"end":{"line":285,"column":64}},"12":{"start":{"line":288,"column":0},"end":{"line":288,"column":24}}},"fnMap":{},"branchMap":{},"s":{"0":27,"1":27,"2":27,"3":27,"4":27,"5":27,"6":27,"7":27,"8":27,"9":27,"10":27,"11":27,"12":27},"f":{},"b":{},"_coverageSchema":"1a1c01bbd47fc00a2c39e90264f33305004495a9","hash":"ab30625a35f2e4cccd7d2c9e692556174d5e8940"}
,"C:\\Users\\Ribas\\Desktop\\DeveloppementWeb\\Global Digital University\\marketPlace\\marketplace\\routes\\orderRoutes.js": {"path":"C:\\Users\\Ribas\\Desktop\\DeveloppementWeb\\Global Digital University\\marketPlace\\marketplace\\routes\\orderRoutes.js","statementMap":{"0":{"start":{"line":1,"column":16},"end":{"line":1,"column":34}},"1":{"start":{"line":2,"column":15},"end":{"line":2,"column":46}},"2":{"start":{"line":3,"column":90},"end":{"line":3,"column":131}},"3":{"start":{"line":4,"column":15},"end":{"line":4,"column":31}},"4":{"start":{"line":5,"column":13},"end":{"line":5,"column":42}},"5":{"start":{"line":6,"column":18},"end":{"line":6,"column":57}},"6":{"start":{"line":7,"column":14},"end":{"line":7,"column":40}},"7":{"start":{"line":8,"column":65},"end":{"line":8,"column":106}},"8":{"start":{"line":76,"column":0},"end":{"line":76,"column":33}},"9":{"start":{"line":105,"column":0},"end":{"line":105,"column":35}},"10":{"start":{"line":151,"column":0},"end":{"line":151,"column":103}},"11":{"start":{"line":198,"column":0},"end":{"line":198,"column":106}},"12":{"start":{"line":229,"column":0},"end":{"line":229,"column":94}},"13":{"start":{"line":300,"column":0},"end":{"line":300,"column":121}},"14":{"start":{"line":303,"column":0},"end":{"line":303,"column":24}}},"fnMap":{},"branchMap":{},"s":{"0":27,"1":27,"2":27,"3":27,"4":27,"5":27,"6":27,"7":27,"8":27,"9":27,"10":27,"11":27,"12":27,"13":27,"14":27},"f":{},"b":{},"_coverageSchema":"1a1c01bbd47fc00a2c39e90264f33305004495a9","hash":"df8f9168effc69e0e079f49c7b85a58f59323bcd"}
,"C:\\Users\\Ribas\\Desktop\\DeveloppementWeb\\Global Digital University\\marketPlace\\marketplace\\routes\\productRoutes.js": {"path":"C:\\Users\\Ribas\\Desktop\\DeveloppementWeb\\Global Digital University\\marketPlace\\marketplace\\routes\\productRoutes.js","statementMap":{"0":{"start":{"line":1,"column":16},"end":{"line":1,"column":34}},"1":{"start":{"line":2,"column":15},"end":{"line":2,"column":46}},"2":{"start":{"line":3,"column":81},"end":{"line":3,"column":124}},"3":{"start":{"line":4,"column":15},"end":{"line":4,"column":31}},"4":{"start":{"line":5,"column":13},"end":{"line":5,"column":42}},"5":{"start":{"line":6,"column":18},"end":{"line":6,"column":57}},"6":{"start":{"line":7,"column":14},"end":{"line":7,"column":40}},"7":{"start":{"line":57,"column":0},"end":{"line":57,"column":30}},"8":{"start":{"line":108,"column":0},"end":{"line":108,"column":31}},"9":{"start":{"line":160,"column":0},"end":{"line":160,"column":87}},"10":{"start":{"line":233,"column":0},"end":{"line":233,"column":89}},"11":{"start":{"line":262,"column":0},"end":{"line":262,"column":68}},"12":{"start":{"line":264,"column":0},"end":{"line":264,"column":24}}},"fnMap":{},"branchMap":{},"s":{"0":27,"1":27,"2":27,"3":27,"4":27,"5":27,"6":27,"7":27,"8":27,"9":27,"10":27,"11":27,"12":27},"f":{},"b":{},"_coverageSchema":"1a1c01bbd47fc00a2c39e90264f33305004495a9","hash":"951046692b89aed890edcc355fd9e9f4b298e429"}
,"C:\\Users\\Ribas\\Desktop\\DeveloppementWeb\\Global Digital University\\marketPlace\\marketplace\\routes\\userRoutes.js": {"path":"C:\\Users\\Ribas\\Desktop\\DeveloppementWeb\\Global Digital University\\marketPlace\\marketplace\\routes\\userRoutes.js","statementMap":{"0":{"start":{"line":1,"column":16},"end":{"line":1,"column":34}},"1":{"start":{"line":2,"column":71},"end":{"line":2,"column":111}},"2":{"start":{"line":3,"column":15},"end":{"line":3,"column":31}},"3":{"start":{"line":4,"column":15},"end":{"line":4,"column":43}},"4":{"start":{"line":5,"column":13},"end":{"line":5,"column":42}},"5":{"start":{"line":6,"column":18},"end":{"line":6,"column":57}},"6":{"start":{"line":7,"column":14},"end":{"line":7,"column":40}},"7":{"start":{"line":68,"column":0},"end":{"line":68,"column":27}},"8":{"start":{"line":108,"column":0},"end":{"line":108,"column":56}},"9":{"start":{"line":157,"column":0},"end":{"line":157,"column":58}},"10":{"start":{"line":201,"column":0},"end":{"line":201,"column":57}},"11":{"start":{"line":268,"column":0},"end":{"line":268,"column":61}},"12":{"start":{"line":297,"column":0},"end":{"line":297,"column":64}},"13":{"start":{"line":299,"column":0},"end":{"line":299,"column":24}}},"fnMap":{},"branchMap":{},"s":{"0":27,"1":27,"2":27,"3":27,"4":27,"5":27,"6":27,"7":27,"8":27,"9":27,"10":27,"11":27,"12":27,"13":27},"f":{},"b":{},"_coverageSchema":"1a1c01bbd47fc00a2c39e90264f33305004495a9","hash":"090f735a9562a88d18072a4c1f09e7835c051e90"}
}
