TN:
SF:index.js
FN:38,(anonymous_0)
FNF:1
FNH:0
FNDA:0,(anonymous_0)
DA:1,27
DA:2,27
DA:3,27
DA:4,27
DA:5,27
DA:6,27
DA:9,27
DA:10,27
DA:11,27
DA:12,27
DA:13,27
DA:18,27
DA:20,27
DA:23,27
DA:24,0
DA:27,27
DA:28,27
DA:29,27
DA:30,27
DA:31,27
DA:34,27
DA:37,27
DA:38,0
DA:41,27
LF:24
LH:22
BRDA:23,0,0,0
BRDA:23,0,1,27
BRDA:37,1,0,0
BRDA:37,1,1,27
BRF:4
BRH:2
end_of_record
TN:
SF:swaggerConfig.js
FN:31,(anonymous_0)
FNF:1
FNH:1
FNDA:27,(anonymous_0)
DA:1,27
DA:2,27
DA:3,27
DA:5,27
DA:29,27
DA:31,27
DA:32,27
DA:35,27
LF:8
LH:8
BRF:0
BRH:0
end_of_record
TN:
SF:config\db.js
FN:3,(anonymous_0)
FNF:1
FNH:0
FNDA:0,(anonymous_0)
DA:1,27
DA:3,27
DA:4,0
DA:5,0
DA:8,0
DA:10,0
DA:14,27
LF:7
LH:3
BRF:0
BRH:0
end_of_record
TN:
SF:config\roles.js
FNF:0
FNH:0
DA:1,27
DA:8,27
LF:2
LH:2
BRF:0
BRH:0
end_of_record
TN:
SF:config\statuts.js
FNF:0
FNH:0
DA:1,27
DA:8,27
DA:19,27
LF:3
LH:3
BRF:0
BRH:0
end_of_record
TN:
SF:controllers\authController.js
FN:10,(anonymous_0)
FN:54,(anonymous_1)
FN:72,(anonymous_2)
FN:92,(anonymous_3)
FN:126,(anonymous_4)
FN:178,(anonymous_5)
FNF:6
FNH:6
FNDA:10,(anonymous_0)
FNDA:1,(anonymous_1)
FNDA:3,(anonymous_2)
FNDA:4,(anonymous_3)
FNDA:6,(anonymous_4)
FNDA:3,(anonymous_5)
DA:1,27
DA:2,27
DA:3,27
DA:4,27
DA:5,27
DA:6,27
DA:7,27
DA:10,27
DA:11,10
DA:12,10
DA:13,10
DA:14,1
DA:16,9
DA:17,9
DA:26,9
DA:27,1
DA:31,8
DA:32,8
DA:33,1
DA:36,7
DA:38,7
DA:44,7
DA:45,7
DA:48,0
DA:49,0
DA:54,27
DA:55,1
DA:56,1
DA:58,1
DA:59,0
DA:62,1
DA:64,1
DA:66,0
DA:72,27
DA:73,3
DA:75,3
DA:77,3
DA:78,1
DA:80,2
DA:81,2
DA:82,1
DA:84,1
DA:87,0
DA:92,27
DA:93,4
DA:94,4
DA:95,4
DA:96,1
DA:99,3
DA:100,3
DA:101,1
DA:103,2
DA:104,2
DA:105,1
DA:109,1
DA:117,1
DA:120,0
DA:121,0
DA:126,27
DA:127,6
DA:129,6
DA:131,6
DA:132,1
DA:134,5
DA:137,5
DA:138,5
DA:139,1
DA:142,4
DA:143,2
DA:149,2
DA:151,2
DA:152,1
DA:158,1
DA:160,1
DA:161,1
DA:162,1
DA:163,1
DA:168,1
DA:169,1
DA:172,0
DA:173,0
DA:178,27
DA:179,3
DA:181,3
DA:183,3
DA:184,1
DA:187,2
DA:188,2
DA:189,1
DA:192,1
DA:193,0
DA:200,1
DA:201,1
DA:206,0
DA:207,0
LF:95
LH:83
BRDA:13,0,0,1
BRDA:13,0,1,9
BRDA:13,1,0,10
BRDA:13,1,1,9
BRDA:13,1,2,9
BRDA:26,2,0,1
BRDA:26,2,1,8
BRDA:32,3,0,1
BRDA:32,3,1,7
BRDA:58,4,0,0
BRDA:58,4,1,1
BRDA:77,5,0,1
BRDA:77,5,1,2
BRDA:81,6,0,1
BRDA:81,6,1,1
BRDA:95,7,0,1
BRDA:95,7,1,3
BRDA:95,8,0,4
BRDA:95,8,1,3
BRDA:95,8,2,3
BRDA:100,9,0,1
BRDA:100,9,1,2
BRDA:104,10,0,1
BRDA:104,10,1,1
BRDA:131,11,0,1
BRDA:131,11,1,5
BRDA:138,12,0,1
BRDA:138,12,1,4
BRDA:142,13,0,2
BRDA:142,13,1,2
BRDA:151,14,0,1
BRDA:151,14,1,1
BRDA:151,15,0,2
BRDA:151,15,1,2
BRDA:160,16,0,1
BRDA:160,16,1,0
BRDA:162,17,0,1
BRDA:162,17,1,0
BRDA:183,18,0,1
BRDA:183,18,1,2
BRDA:188,19,0,1
BRDA:188,19,1,1
BRDA:192,20,0,0
BRDA:192,20,1,1
BRDA:192,21,0,1
BRDA:192,21,1,1
BRF:46
BRH:42
end_of_record
TN:
SF:controllers\menuController.js
FN:6,(anonymous_0)
FN:18,(anonymous_1)
FN:37,(anonymous_2)
FN:120,(anonymous_3)
FN:188,(anonymous_4)
FNF:5
FNH:5
FNDA:4,(anonymous_0)
FNDA:6,(anonymous_1)
FNDA:19,(anonymous_2)
FNDA:3,(anonymous_3)
FNDA:3,(anonymous_4)
DA:1,27
DA:2,27
DA:3,27
DA:4,27
DA:6,27
DA:7,4
DA:8,4
DA:10,4
DA:12,0
DA:18,27
DA:19,6
DA:21,6
DA:23,6
DA:24,1
DA:26,5
DA:27,5
DA:28,1
DA:30,4
DA:33,0
DA:37,27
DA:38,19
DA:48,19
DA:50,19
DA:51,1
DA:54,18
DA:55,1
DA:57,17
DA:59,17
DA:60,0
DA:64,17
DA:65,17
DA:67,17
DA:69,17
DA:71,17
DA:72,1
DA:74,16
DA:75,1
DA:77,15
DA:78,1
DA:80,14
DA:81,1
DA:83,13
DA:84,1
DA:86,12
DA:87,1
DA:89,11
DA:90,1
DA:92,10
DA:106,10
DA:107,10
DA:110,0
DA:111,0
DA:114,0
DA:115,0
DA:120,27
DA:121,3
DA:123,3
DA:125,3
DA:126,1
DA:137,2
DA:139,2
DA:140,2
DA:141,1
DA:146,1
DA:147,0
DA:151,1
DA:152,0
DA:153,1
DA:154,0
DA:156,1
DA:157,0
DA:159,1
DA:160,0
DA:162,1
DA:163,1
DA:165,1
DA:166,0
DA:168,1
DA:169,0
DA:171,1
DA:172,0
DA:174,1
DA:175,0
DA:179,1
DA:180,1
DA:183,0
DA:184,0
DA:188,27
DA:189,3
DA:191,3
DA:193,3
DA:194,1
DA:197,2
DA:198,2
DA:199,1
DA:202,1
DA:204,1
DA:205,1
DA:210,1
DA:211,1
DA:216,0
DA:217,0
LF:102
LH:82
BRDA:23,0,0,1
BRDA:23,0,1,5
BRDA:27,1,0,1
BRDA:27,1,1,4
BRDA:50,2,0,1
BRDA:50,2,1,18
BRDA:54,3,0,1
BRDA:54,3,1,17
BRDA:59,4,0,0
BRDA:59,4,1,17
BRDA:71,5,0,1
BRDA:71,5,1,16
BRDA:74,6,0,1
BRDA:74,6,1,15
BRDA:77,7,0,1
BRDA:77,7,1,14
BRDA:80,8,0,1
BRDA:80,8,1,13
BRDA:83,9,0,1
BRDA:83,9,1,12
BRDA:86,10,0,1
BRDA:86,10,1,11
BRDA:89,11,0,1
BRDA:89,11,1,10
BRDA:110,12,0,0
BRDA:110,12,1,0
BRDA:110,13,0,0
BRDA:110,13,1,0
BRDA:125,14,0,1
BRDA:125,14,1,2
BRDA:140,15,0,1
BRDA:140,15,1,1
BRDA:146,16,0,0
BRDA:146,16,1,1
BRDA:147,17,0,0
BRDA:147,17,1,0
BRDA:151,18,0,0
BRDA:151,18,1,1
BRDA:153,19,0,0
BRDA:153,19,1,1
BRDA:156,20,0,0
BRDA:156,20,1,1
BRDA:159,21,0,0
BRDA:159,21,1,1
BRDA:162,22,0,1
BRDA:162,22,1,0
BRDA:165,23,0,0
BRDA:165,23,1,1
BRDA:168,24,0,0
BRDA:168,24,1,1
BRDA:171,25,0,0
BRDA:171,25,1,1
BRDA:174,26,0,0
BRDA:174,26,1,1
BRDA:193,27,0,1
BRDA:193,27,1,2
BRDA:198,28,0,1
BRDA:198,28,1,1
BRDA:204,29,0,1
BRDA:204,29,1,0
BRF:60
BRH:42
end_of_record
TN:
SF:controllers\orderController.js
FN:8,(anonymous_0)
FN:22,(anonymous_1)
FN:41,(anonymous_2)
FN:95,(anonymous_3)
FN:111,(anonymous_4)
FN:140,(anonymous_5)
FN:153,(anonymous_6)
FNF:7
FNH:7
FNDA:4,(anonymous_0)
FNDA:6,(anonymous_1)
FNDA:5,(anonymous_2)
FNDA:6,(anonymous_3)
FNDA:5,(anonymous_4)
FNDA:11,(anonymous_5)
FNDA:5,(anonymous_6)
DA:1,27
DA:2,27
DA:3,27
DA:4,27
DA:5,27
DA:6,27
DA:8,27
DA:9,4
DA:10,4
DA:14,4
DA:16,0
DA:22,27
DA:23,6
DA:25,6
DA:27,6
DA:28,1
DA:30,5
DA:31,5
DA:32,1
DA:34,4
DA:37,0
DA:41,27
DA:42,5
DA:43,5
DA:44,5
DA:46,5
DA:50,5
DA:51,4
DA:52,1
DA:53,0
DA:55,1
DA:60,4
DA:61,1
DA:66,3
DA:70,3
DA:79,3
DA:83,3
DA:85,3
DA:88,0
DA:89,0
DA:95,27
DA:96,6
DA:98,6
DA:100,6
DA:101,1
DA:103,5
DA:105,5
DA:106,5
DA:107,1
DA:110,4
DA:111,5
DA:114,4
DA:115,1
DA:123,3
DA:124,3
DA:126,3
DA:127,3
DA:131,3
DA:132,3
DA:135,0
DA:136,0
DA:140,27
DA:141,11
DA:142,11
DA:144,11
DA:145,11
DA:147,0
DA:148,0
DA:153,27
DA:154,5
DA:156,5
DA:158,5
DA:159,1
DA:162,4
DA:163,4
DA:164,1
DA:169,3
DA:170,3
DA:175,0
DA:176,0
LF:80
LH:69
BRDA:27,0,0,1
BRDA:27,0,1,5
BRDA:31,1,0,1
BRDA:31,1,1,4
BRDA:50,2,0,4
BRDA:50,2,1,1
BRDA:52,3,0,0
BRDA:52,3,1,1
BRDA:60,4,0,1
BRDA:60,4,1,3
BRDA:100,5,0,1
BRDA:100,5,1,5
BRDA:106,6,0,1
BRDA:106,6,1,4
BRDA:114,7,0,1
BRDA:114,7,1,3
BRDA:123,8,0,3
BRDA:123,8,1,0
BRDA:126,9,0,3
BRDA:126,9,1,0
BRDA:158,10,0,1
BRDA:158,10,1,4
BRDA:163,11,0,1
BRDA:163,11,1,3
BRF:24
BRH:21
end_of_record
TN:
SF:controllers\productController.js
FN:6,(anonymous_0)
FN:33,(anonymous_1)
FN:52,(anonymous_2)
FN:104,(anonymous_3)
FN:153,(anonymous_4)
FNF:5
FNH:5
FNDA:4,(anonymous_0)
FNDA:6,(anonymous_1)
FNDA:15,(anonymous_2)
FNDA:3,(anonymous_3)
FNDA:3,(anonymous_4)
DA:1,27
DA:2,27
DA:3,27
DA:4,27
DA:6,27
DA:7,4
DA:8,4
DA:10,4
DA:11,0
DA:14,4
DA:15,0
DA:23,4
DA:25,4
DA:27,0
DA:33,27
DA:34,6
DA:36,6
DA:38,6
DA:39,1
DA:41,5
DA:42,5
DA:43,1
DA:45,4
DA:48,0
DA:52,27
DA:53,15
DA:54,15
DA:56,15
DA:57,1
DA:60,14
DA:61,1
DA:63,13
DA:65,13
DA:66,0
DA:69,13
DA:70,13
DA:72,13
DA:74,13
DA:76,13
DA:77,1
DA:79,12
DA:80,1
DA:82,11
DA:83,1
DA:87,10
DA:95,10
DA:96,10
DA:98,0
DA:99,0
DA:104,27
DA:105,3
DA:107,3
DA:109,3
DA:110,1
DA:112,2
DA:114,2
DA:115,2
DA:116,1
DA:122,1
DA:123,0
DA:128,1
DA:129,0
DA:130,1
DA:131,0
DA:133,1
DA:134,0
DA:136,1
DA:137,0
DA:139,1
DA:140,1
DA:144,1
DA:145,1
DA:148,0
DA:149,0
DA:153,27
DA:154,3
DA:156,3
DA:158,3
DA:159,1
DA:162,2
DA:163,2
DA:164,1
DA:167,1
DA:169,1
DA:170,1
DA:175,1
DA:176,1
DA:181,0
DA:182,0
LF:89
LH:73
BRDA:10,0,0,0
BRDA:10,0,1,4
BRDA:14,1,0,0
BRDA:14,1,1,4
BRDA:38,2,0,1
BRDA:38,2,1,5
BRDA:42,3,0,1
BRDA:42,3,1,4
BRDA:56,4,0,1
BRDA:56,4,1,14
BRDA:60,5,0,1
BRDA:60,5,1,13
BRDA:65,6,0,0
BRDA:65,6,1,13
BRDA:76,7,0,1
BRDA:76,7,1,12
BRDA:79,8,0,1
BRDA:79,8,1,11
BRDA:82,9,0,1
BRDA:82,9,1,10
BRDA:109,10,0,1
BRDA:109,10,1,2
BRDA:115,11,0,1
BRDA:115,11,1,1
BRDA:122,12,0,0
BRDA:122,12,1,1
BRDA:123,13,0,0
BRDA:123,13,1,0
BRDA:128,14,0,0
BRDA:128,14,1,1
BRDA:130,15,0,0
BRDA:130,15,1,1
BRDA:133,16,0,0
BRDA:133,16,1,1
BRDA:136,17,0,0
BRDA:136,17,1,1
BRDA:139,18,0,1
BRDA:139,18,1,0
BRDA:158,19,0,1
BRDA:158,19,1,2
BRDA:163,20,0,1
BRDA:163,20,1,1
BRDA:169,21,0,1
BRDA:169,21,1,0
BRF:44
BRH:32
end_of_record
TN:
SF:middleware\auth.js
FN:4,(anonymous_0)
FNF:1
FNH:0
FNDA:0,(anonymous_0)
DA:1,2
DA:4,2
DA:5,0
DA:9,0
DA:10,0
DA:12,0
DA:13,0
DA:14,0
DA:15,0
DA:17,0
DA:21,2
LF:11
LH:3
BRDA:9,0,0,0
BRDA:9,0,1,0
BRF:2
BRH:0
end_of_record
TN:
SF:middleware\multer.js
FN:6,(anonymous_0)
FN:16,(anonymous_1)
FN:22,(anonymous_2)
FNF:3
FNH:3
FNDA:32,(anonymous_0)
FNDA:32,(anonymous_1)
FNDA:32,(anonymous_2)
DA:1,27
DA:2,27
DA:3,27
DA:5,27
DA:7,32
DA:9,32
DA:10,0
DA:13,32
DA:17,32
DA:18,32
DA:22,27
DA:23,32
DA:24,32
DA:25,32
DA:26,32
DA:27,32
DA:29,0
DA:33,27
DA:39,27
LF:19
LH:17
BRDA:9,0,0,0
BRDA:9,0,1,32
BRDA:25,1,0,32
BRDA:25,1,1,0
BRDA:26,2,0,32
BRDA:26,2,1,0
BRDA:26,3,0,32
BRDA:26,3,1,32
BRF:8
BRH:5
end_of_record
TN:
SF:middleware\roleMiddleware.js
FN:1,(anonymous_0)
FN:2,(anonymous_1)
FNF:2
FNH:2
FNDA:351,(anonymous_0)
FNDA:109,(anonymous_1)
DA:1,27
DA:2,351
DA:3,109
DA:4,0
DA:7,109
DA:8,34
DA:11,75
DA:15,27
LF:8
LH:7
BRDA:3,0,0,0
BRDA:3,0,1,109
BRDA:7,1,0,34
BRDA:7,1,1,75
BRF:4
BRH:3
end_of_record
TN:
SF:middleware\statutMiddleware.js
FN:4,loadOrder
FN:11,validateOrderStatus
FN:26,canChangeOrderStatus
FNF:3
FNH:3
FNDA:18,loadOrder
FNDA:18,validateOrderStatus
FNDA:18,canChangeOrderStatus
DA:1,27
DA:2,27
DA:5,18
DA:6,18
DA:7,18
DA:8,18
DA:12,18
DA:14,18
DA:15,0
DA:18,18
DA:19,18
DA:20,0
DA:23,18
DA:27,18
DA:28,18
DA:29,18
DA:31,18
DA:33,13
DA:34,13
DA:35,2
DA:38,11
DA:40,11
DA:41,5
DA:46,6
DA:50,27
LF:25
LH:23
BRDA:6,0,0,0
BRDA:6,0,1,18
BRDA:14,1,0,0
BRDA:14,1,1,18
BRDA:19,2,0,0
BRDA:19,2,1,18
BRDA:31,3,0,5
BRDA:31,3,1,13
BRDA:34,4,0,2
BRDA:34,4,1,11
BRDA:38,5,0,11
BRDA:38,5,1,3
BRDA:40,6,0,5
BRDA:40,6,1,6
BRF:14
BRH:11
end_of_record
TN:
SF:models\menu.js
FNF:0
FNH:0
DA:1,27
DA:3,27
DA:28,27
LF:3
LH:3
BRF:0
BRH:0
end_of_record
TN:
SF:models\order.js
FNF:0
FNH:0
DA:1,27
DA:3,27
DA:25,27
DA:35,27
LF:4
LH:4
BRF:0
BRH:0
end_of_record
TN:
SF:models\product.js
FNF:0
FNH:0
DA:1,27
DA:3,27
DA:12,27
LF:3
LH:3
BRF:0
BRH:0
end_of_record
TN:
SF:models\user.js
FNF:0
FNH:0
DA:1,27
DA:3,27
DA:12,27
LF:3
LH:3
BRF:0
BRH:0
end_of_record
TN:
SF:routes\menuRoutes.js
FNF:0
FNH:0
DA:1,27
DA:2,27
DA:3,27
DA:4,27
DA:5,27
DA:6,27
DA:7,27
DA:76,27
DA:139,27
DA:197,27
DA:254,27
DA:285,27
DA:288,27
LF:13
LH:13
BRF:0
BRH:0
end_of_record
TN:
SF:routes\orderRoutes.js
FNF:0
FNH:0
DA:1,27
DA:2,27
DA:3,27
DA:4,27
DA:5,27
DA:6,27
DA:7,27
DA:8,27
DA:76,27
DA:105,27
DA:151,27
DA:198,27
DA:229,27
DA:300,27
DA:303,27
LF:15
LH:15
BRF:0
BRH:0
end_of_record
TN:
SF:routes\productRoutes.js
FNF:0
FNH:0
DA:1,27
DA:2,27
DA:3,27
DA:4,27
DA:5,27
DA:6,27
DA:7,27
DA:57,27
DA:108,27
DA:160,27
DA:233,27
DA:262,27
DA:264,27
LF:13
LH:13
BRF:0
BRH:0
end_of_record
TN:
SF:routes\userRoutes.js
FNF:0
FNH:0
DA:1,27
DA:2,27
DA:3,27
DA:4,27
DA:5,27
DA:6,27
DA:7,27
DA:68,27
DA:108,27
DA:157,27
DA:201,27
DA:268,27
DA:297,27
DA:299,27
LF:14
LH:14
BRF:0
BRH:0
end_of_record
